{"D:\\notschool\\_project\\code\\kijiji-scraper\\lib\\ad.ts": {"path":"D:\\notschool\\_project\\code\\kijiji-scraper\\lib\\ad.ts","statementMap":{"0":{"start":{"line":4,"column":0},"end":{"line":4,"column":43}},"1":{"start":{"line":9,"column":14},"end":{"line":9,"column":53}},"2":{"start":{"line":10,"column":14},"end":{"line":10,"column":46}},"3":{"start":{"line":11,"column":14},"end":{"line":11,"column":32}},"4":{"start":{"line":12,"column":16},"end":{"line":12,"column":49}},"5":{"start":{"line":13,"column":17},"end":{"line":13,"column":52}},"6":{"start":{"line":14,"column":4},"end":{"line":14,"column":45}},"7":{"start":{"line":21,"column":0},"end":{"line":21,"column":null}},"8":{"start":{"line":21,"column":24},"end":{"line":21,"column":30}},"9":{"start":{"line":37,"column":29},"end":{"line":37,"column":57}},"10":{"start":{"line":37,"column":57},"end":{"line":37,"column":null}},"11":{"start":{"line":38,"column":8},"end":{"line":38,"column":null}},"12":{"start":{"line":39,"column":24},"end":{"line":39,"column":31}},"13":{"start":{"line":42,"column":27},"end":{"line":49,"column":9}},"14":{"start":{"line":43,"column":12},"end":{"line":48,"column":null}},"15":{"start":{"line":43,"column":39},"end":{"line":43,"column":61}},"16":{"start":{"line":43,"column":59},"end":{"line":43,"column":61}},"17":{"start":{"line":43,"column":23},"end":{"line":43,"column":24}},"18":{"start":{"line":43,"column":27},"end":{"line":43,"column":29}},"19":{"start":{"line":43,"column":34},"end":{"line":43,"column":35}},"20":{"start":{"line":45,"column":16},"end":{"line":47,"column":null}},"21":{"start":{"line":46,"column":21},"end":{"line":46,"column":47}},"22":{"start":{"line":50,"column":8},"end":{"line":50,"column":25}},"23":{"start":{"line":51,"column":8},"end":{"line":51,"column":23}},"24":{"start":{"line":53,"column":8},"end":{"line":63,"column":10}},"25":{"start":{"line":54,"column":28},"end":{"line":57,"column":14}},"26":{"start":{"line":55,"column":16},"end":{"line":55,"column":36}},"27":{"start":{"line":56,"column":16},"end":{"line":56,"column":33}},"28":{"start":{"line":59,"column":12},"end":{"line":61,"column":null}},"29":{"start":{"line":60,"column":16},"end":{"line":60,"column":61}},"30":{"start":{"line":60,"column":35},"end":{"line":60,"column":51}},"31":{"start":{"line":62,"column":12},"end":{"line":62,"column":27}},"32":{"start":{"line":65,"column":8},"end":{"line":65,"column":41}},"33":{"start":{"line":65,"column":31},"end":{"line":65,"column":41}},"34":{"start":{"line":79,"column":11},"end":{"line":91,"column":null}},"35":{"start":{"line":80,"column":24},"end":{"line":82,"column":10}},"36":{"start":{"line":81,"column":12},"end":{"line":81,"column":43}},"37":{"start":{"line":84,"column":8},"end":{"line":89,"column":null}},"38":{"start":{"line":85,"column":12},"end":{"line":88,"column":14}},"39":{"start":{"line":86,"column":22},"end":{"line":86,"column":null}},"40":{"start":{"line":87,"column":23},"end":{"line":87,"column":null}},"41":{"start":{"line":90,"column":8},"end":{"line":90,"column":23}},"42":{"start":{"line":125,"column":4},"end":{"line":143,"column":null}},"43":{"start":{"line":127,"column":18},"end":{"line":127,"column":20}},"44":{"start":{"line":128,"column":8},"end":{"line":130,"column":null}},"45":{"start":{"line":129,"column":12},"end":{"line":129,"column":51}},"46":{"start":{"line":131,"column":8},"end":{"line":133,"column":null}},"47":{"start":{"line":132,"column":12},"end":{"line":132,"column":39}},"48":{"start":{"line":134,"column":8},"end":{"line":134,"column":33}},"49":{"start":{"line":136,"column":8},"end":{"line":141,"column":null}},"50":{"start":{"line":136,"column":27},"end":{"line":136,"column":57}},"51":{"start":{"line":136,"column":55},"end":{"line":136,"column":57}},"52":{"start":{"line":136,"column":23},"end":{"line":136,"column":27}},"53":{"start":{"line":137,"column":22},"end":{"line":137,"column":43}},"54":{"start":{"line":138,"column":12},"end":{"line":139,"column":37}},"55":{"start":{"line":139,"column":16},"end":{"line":139,"column":37}},"56":{"start":{"line":140,"column":12},"end":{"line":140,"column":43}},"57":{"start":{"line":142,"column":8},"end":{"line":142,"column":19}},"58":{"start":{"line":144,"column":0},"end":{"line":144,"column":2}},"59":{"start":{"line":21,"column":13},"end":{"line":21,"column":15}}},"fnMap":{"0":{"name":"DateToString","decl":{"start":{"line":8,"column":9},"end":{"line":8,"column":21}},"loc":{"start":{"line":8,"column":32},"end":{"line":15,"column":1}}},"1":{"name":"(anonymous_10)","decl":{"start":{"line":21,"column":0},"end":{"line":21,"column":13}},"loc":{"start":{"line":21,"column":0},"end":{"line":144,"column":1}}},"2":{"name":"Ad","decl":{"start":{"line":37,"column":4},"end":{"line":37,"column":16}},"loc":{"start":{"line":37,"column":70},"end":{"line":66,"column":5}}},"3":{"name":"(anonymous_12)","decl":{"start":{"line":42,"column":27},"end":{"line":42,"column":28}},"loc":{"start":{"line":42,"column":49},"end":{"line":49,"column":9}}},"4":{"name":"(anonymous_13)","decl":{"start":{"line":53,"column":22},"end":{"line":53,"column":23}},"loc":{"start":{"line":53,"column":87},"end":{"line":63,"column":9}}},"5":{"name":"(anonymous_14)","decl":{"start":{"line":54,"column":59},"end":{"line":54,"column":66}},"loc":{"start":{"line":54,"column":66},"end":{"line":57,"column":13}}},"6":{"name":"(anonymous_15)","decl":{"start":{"line":60,"column":29},"end":{"line":60,"column":35}},"loc":{"start":{"line":60,"column":29},"end":{"line":60,"column":43}}},"7":{"name":"(anonymous_16)","decl":{"start":{"line":65,"column":25},"end":{"line":65,"column":31}},"loc":{"start":{"line":65,"column":25},"end":{"line":65,"column":40}}},"8":{"name":"(anonymous_17)","decl":{"start":{"line":79,"column":4},"end":{"line":79,"column":11}},"loc":{"start":{"line":79,"column":100},"end":{"line":91,"column":5}}},"9":{"name":"(anonymous_18)","decl":{"start":{"line":80,"column":50},"end":{"line":80,"column":54}},"loc":{"start":{"line":80,"column":54},"end":{"line":82,"column":9}}},"10":{"name":"(anonymous_19)","decl":{"start":{"line":86,"column":16},"end":{"line":86,"column":18}},"loc":{"start":{"line":86,"column":18},"end":{"line":86,"column":30}}},"11":{"name":"(anonymous_20)","decl":{"start":{"line":87,"column":16},"end":{"line":87,"column":19}},"loc":{"start":{"line":87,"column":19},"end":{"line":87,"column":31}}},"12":{"name":"(anonymous_21)","decl":{"start":{"line":125,"column":4},"end":{"line":125,"column":12}},"loc":{"start":{"line":125,"column":4},"end":{"line":143,"column":5}}}},"branchMap":{"0":{"loc":{"start":{"line":37,"column":29},"end":{"line":37,"column":57}},"type":"if","locations":[{"start":{"line":37,"column":29},"end":{"line":37,"column":57}},{"start":{"line":37,"column":29},"end":{"line":37,"column":57}}]},"1":{"loc":{"start":{"line":37,"column":57},"end":{"line":37,"column":null}},"type":"if","locations":[{"start":{"line":37,"column":57},"end":{"line":37,"column":null}},{"start":{"line":37,"column":57},"end":{"line":37,"column":null}}]},"2":{"loc":{"start":{"line":38,"column":8},"end":{"line":38,"column":15}},"type":"binary-expr","locations":[{"start":{"line":38,"column":8},"end":{"line":38,"column":15}},{"start":{"line":38,"column":15},"end":{"line":38,"column":null}}]},"3":{"loc":{"start":{"line":45,"column":16},"end":{"line":47,"column":null}},"type":"if","locations":[{"start":{"line":45,"column":16},"end":{"line":47,"column":null}},{"start":{"line":45,"column":16},"end":{"line":47,"column":null}}]},"4":{"loc":{"start":{"line":59,"column":12},"end":{"line":61,"column":null}},"type":"if","locations":[{"start":{"line":59,"column":12},"end":{"line":61,"column":null}},{"start":{"line":59,"column":12},"end":{"line":61,"column":null}}]},"5":{"loc":{"start":{"line":84,"column":8},"end":{"line":89,"column":null}},"type":"if","locations":[{"start":{"line":84,"column":8},"end":{"line":89,"column":null}},{"start":{"line":84,"column":8},"end":{"line":89,"column":null}}]},"6":{"loc":{"start":{"line":128,"column":8},"end":{"line":130,"column":null}},"type":"if","locations":[{"start":{"line":128,"column":8},"end":{"line":130,"column":null}},{"start":{"line":128,"column":8},"end":{"line":130,"column":null}}]},"7":{"loc":{"start":{"line":128,"column":12},"end":{"line":128,"column":37}},"type":"binary-expr","locations":[{"start":{"line":128,"column":12},"end":{"line":128,"column":37}},{"start":{"line":128,"column":41},"end":{"line":128,"column":75}}]},"8":{"loc":{"start":{"line":131,"column":8},"end":{"line":133,"column":null}},"type":"if","locations":[{"start":{"line":131,"column":8},"end":{"line":133,"column":null}},{"start":{"line":131,"column":8},"end":{"line":133,"column":null}}]},"9":{"loc":{"start":{"line":138,"column":12},"end":{"line":139,"column":37}},"type":"if","locations":[{"start":{"line":138,"column":12},"end":{"line":139,"column":37}},{"start":{"line":138,"column":12},"end":{"line":139,"column":37}}]},"10":{"loc":{"start":{"line":138,"column":16},"end":{"line":138,"column":35}},"type":"binary-expr","locations":[{"start":{"line":138,"column":16},"end":{"line":138,"column":35}},{"start":{"line":138,"column":39},"end":{"line":138,"column":67}}]}},"s":{"0":1,"1":1,"2":1,"3":1,"4":1,"5":1,"6":1,"7":1,"8":1,"9":45,"10":61,"11":33,"12":33,"13":33,"14":37,"15":37,"16":37,"17":80,"18":80,"19":80,"20":80,"21":77,"22":33,"23":33,"24":33,"25":8,"26":4,"27":4,"28":8,"29":4,"30":2,"31":8,"32":33,"33":30,"34":1,"35":8,"36":4,"37":8,"38":4,"39":2,"40":2,"41":8,"42":1,"43":6,"44":6,"45":1,"46":6,"47":1,"48":6,"49":6,"50":6,"51":6,"52":4,"53":4,"54":4,"55":1,"56":4,"57":6,"58":1,"59":1},"f":{"0":1,"1":1,"2":33,"3":37,"4":8,"5":4,"6":2,"7":30,"8":8,"9":4,"10":2,"11":2,"12":6},"b":{"0":[12,21],"1":[28,5],"2":[33,33],"3":[77,3],"4":[4,4],"5":[4,4],"6":[1,5],"7":[6,6],"8":[1,5],"9":[1,3],"10":[4,2]}}
,"D:\\notschool\\_project\\code\\kijiji-scraper\\lib\\constants.ts": {"path":"D:\\notschool\\_project\\code\\kijiji-scraper\\lib\\constants.ts","statementMap":{"0":{"start":{"line":1,"column":17},"end":{"line":1,"column":67}},"1":{"start":{"line":4,"column":13},"end":{"line":7,"column":2}},"2":{"start":{"line":10,"column":13},"end":{"line":19,"column":2}},"3":{"start":{"line":21,"column":13},"end":{"line":23,"column":79}},"4":{"start":{"line":25,"column":13},"end":{"line":28,"column":87}}},"fnMap":{},"branchMap":{},"s":{"0":1,"1":1,"2":1,"3":1,"4":1},"f":{},"b":{}}
,"D:\\notschool\\_project\\code\\kijiji-scraper\\lib\\helpers.ts": {"path":"D:\\notschool\\_project\\code\\kijiji-scraper\\lib\\helpers.ts","statementMap":{"0":{"start":{"line":4,"column":0},"end":{"line":4,"column":30}},"1":{"start":{"line":6,"column":18},"end":{"line":6,"column":42}},"2":{"start":{"line":11,"column":0},"end":{"line":11,"column":null}},"3":{"start":{"line":15,"column":4},"end":{"line":15,"column":null}},"4":{"start":{"line":20,"column":4},"end":{"line":20,"column":null}},"5":{"start":{"line":34,"column":4},"end":{"line":36,"column":7}},"6":{"start":{"line":35,"column":8},"end":{"line":35,"column":32}},"7":{"start":{"line":33,"column":0},"end":{"line":33,"column":16}},"8":{"start":{"line":40,"column":4},"end":{"line":40,"column":25}},"9":{"start":{"line":41,"column":4},"end":{"line":41,"column":94}},"10":{"start":{"line":39,"column":0},"end":{"line":39,"column":16}},"11":{"start":{"line":48,"column":4},"end":{"line":48,"column":47}},"12":{"start":{"line":44,"column":0},"end":{"line":44,"column":16}},"13":{"start":{"line":53,"column":14},"end":{"line":53,"column":32}},"14":{"start":{"line":54,"column":4},"end":{"line":54,"column":24}},"15":{"start":{"line":55,"column":4},"end":{"line":55,"column":34}},"16":{"start":{"line":51,"column":0},"end":{"line":51,"column":16}},"17":{"start":{"line":60,"column":24},"end":{"line":60,"column":41}},"18":{"start":{"line":63,"column":4},"end":{"line":65,"column":null}},"19":{"start":{"line":64,"column":8},"end":{"line":64,"column":53}},"20":{"start":{"line":67,"column":30},"end":{"line":67,"column":56}},"21":{"start":{"line":68,"column":4},"end":{"line":73,"column":null}},"22":{"start":{"line":68,"column":36},"end":{"line":68,"column":69}},"23":{"start":{"line":69,"column":8},"end":{"line":72,"column":10}},"24":{"start":{"line":75,"column":4},"end":{"line":75,"column":54}},"25":{"start":{"line":58,"column":0},"end":{"line":58,"column":16}}},"fnMap":{"0":{"name":"(anonymous_3)","decl":{"start":{"line":11,"column":0},"end":{"line":11,"column":12}},"loc":{"start":{"line":11,"column":23},"end":{"line":21,"column":1}}},"1":{"name":"sleep","decl":{"start":{"line":33,"column":16},"end":{"line":33,"column":21}},"loc":{"start":{"line":33,"column":32},"end":{"line":37,"column":1}}},"2":{"name":"(anonymous_5)","decl":{"start":{"line":34,"column":23},"end":{"line":34,"column":30}},"loc":{"start":{"line":34,"column":30},"end":{"line":36,"column":5}}},"3":{"name":"isNumber","decl":{"start":{"line":39,"column":16},"end":{"line":39,"column":24}},"loc":{"start":{"line":39,"column":38},"end":{"line":42,"column":1}}},"4":{"name":"getLargeImageURL","decl":{"start":{"line":44,"column":16},"end":{"line":44,"column":32}},"loc":{"start":{"line":44,"column":44},"end":{"line":49,"column":1}}},"5":{"name":"cleanAdDescription","decl":{"start":{"line":51,"column":16},"end":{"line":51,"column":34}},"loc":{"start":{"line":51,"column":47},"end":{"line":56,"column":1}}},"6":{"name":"getScraperOptions","decl":{"start":{"line":58,"column":16},"end":{"line":58,"column":33}},"loc":{"start":{"line":58,"column":57},"end":{"line":76,"column":1}}},"7":{"name":"(anonymous_10)","decl":{"start":{"line":68,"column":31},"end":{"line":68,"column":32}},"loc":{"start":{"line":68,"column":32},"end":{"line":68,"column":37}}}},"branchMap":{"0":{"loc":{"start":{"line":11,"column":12},"end":{"line":11,"column":23}},"type":"binary-expr","locations":[{"start":{"line":11,"column":12},"end":{"line":11,"column":23}},{"start":{"line":11,"column":12},"end":{"line":11,"column":null}}]},"1":{"loc":{"start":{"line":41,"column":11},"end":{"line":41,"column":27}},"type":"binary-expr","locations":[{"start":{"line":41,"column":11},"end":{"line":41,"column":27}},{"start":{"line":41,"column":31},"end":{"line":41,"column":59}},{"start":{"line":41,"column":63},"end":{"line":41,"column":93}}]},"2":{"loc":{"start":{"line":63,"column":4},"end":{"line":65,"column":null}},"type":"if","locations":[{"start":{"line":63,"column":4},"end":{"line":65,"column":null}},{"start":{"line":63,"column":4},"end":{"line":65,"column":null}}]},"3":{"loc":{"start":{"line":68,"column":4},"end":{"line":73,"column":null}},"type":"if","locations":[{"start":{"line":68,"column":4},"end":{"line":73,"column":null}},{"start":{"line":68,"column":4},"end":{"line":73,"column":null}}]}},"s":{"0":1,"1":1,"2":1,"3":1,"4":1,"5":0,"6":0,"7":1,"8":0,"9":0,"10":1,"11":0,"12":1,"13":0,"14":0,"15":0,"16":1,"17":0,"18":0,"19":0,"20":0,"21":0,"22":0,"23":0,"24":0,"25":1},"f":{"0":1,"1":0,"2":0,"3":0,"4":0,"5":0,"6":0,"7":0},"b":{"0":[1,1],"1":[0,0,0],"2":[0,0],"3":[0,0]}}
,"D:\\notschool\\_project\\code\\kijiji-scraper\\lib\\scraper.ts": {"path":"D:\\notschool\\_project\\code\\kijiji-scraper\\lib\\scraper.ts","statementMap":{"0":{"start":{"line":4,"column":0},"end":{"line":4,"column":51}},"1":{"start":{"line":5,"column":0},"end":{"line":5,"column":53}},"2":{"start":{"line":6,"column":0},"end":{"line":6,"column":50}},"3":{"start":{"line":7,"column":0},"end":{"line":7,"column":75}},"4":{"start":{"line":12,"column":0},"end":{"line":12,"column":13}},"5":{"start":{"line":16,"column":4},"end":{"line":16,"column":23}},"6":{"start":{"line":21,"column":4},"end":{"line":21,"column":29}},"7":{"start":{"line":26,"column":4},"end":{"line":26,"column":31}},"8":{"start":{"line":31,"column":4},"end":{"line":31,"column":23}},"9":{"start":{"line":36,"column":4},"end":{"line":36,"column":26}},"10":{"start":{"line":41,"column":4},"end":{"line":41,"column":54}},"11":{"start":{"line":46,"column":4},"end":{"line":46,"column":21}},"12":{"start":{"line":51,"column":4},"end":{"line":51,"column":20}},"13":{"start":{"line":52,"column":0},"end":{"line":52,"column":2}},"14":{"start":{"line":12,"column":13},"end":{"line":12,"column":19}},"15":{"start":{"line":56,"column":42},"end":{"line":56,"column":null}},"16":{"start":{"line":57,"column":4},"end":{"line":59,"column":null}},"17":{"start":{"line":58,"column":8},"end":{"line":58,"column":49}},"18":{"start":{"line":61,"column":10},"end":{"line":61,"column":54}},"19":{"start":{"line":62,"column":10},"end":{"line":62,"column":102}},"20":{"start":{"line":64,"column":19},"end":{"line":64,"column":null}},"21":{"start":{"line":64,"column":10},"end":{"line":64,"column":null}},"22":{"start":{"line":65,"column":4},"end":{"line":69,"column":null}},"23":{"start":{"line":66,"column":8},"end":{"line":68,"column":10}},"24":{"start":{"line":70,"column":4},"end":{"line":70,"column":21}},"25":{"start":{"line":71,"column":4},"end":{"line":71,"column":18}},"26":{"start":{"line":56,"column":0},"end":{"line":56,"column":22}}},"fnMap":{"0":{"name":"(anonymous_13)","decl":{"start":{"line":12,"column":0},"end":{"line":12,"column":13}},"loc":{"start":{"line":12,"column":0},"end":{"line":52,"column":1}}},"1":{"name":"scrape","decl":{"start":{"line":56,"column":22},"end":{"line":56,"column":28}},"loc":{"start":{"line":56,"column":70},"end":{"line":72,"column":null}}}},"branchMap":{"0":{"loc":{"start":{"line":56,"column":42},"end":{"line":56,"column":null}},"type":"if","locations":[{"start":{"line":56,"column":42},"end":{"line":56,"column":null}},{"start":{"line":56,"column":42},"end":{"line":56,"column":null}}]},"1":{"loc":{"start":{"line":57,"column":4},"end":{"line":59,"column":null}},"type":"if","locations":[{"start":{"line":57,"column":4},"end":{"line":59,"column":null}},{"start":{"line":57,"column":4},"end":{"line":59,"column":null}}]},"2":{"loc":{"start":{"line":62,"column":79},"end":{"line":62,"column":89}},"type":"cond-expr","locations":[{"start":{"line":62,"column":79},"end":{"line":62,"column":89}},{"start":{"line":62,"column":92},"end":{"line":62,"column":101}}]},"3":{"loc":{"start":{"line":65,"column":4},"end":{"line":69,"column":null}},"type":"if","locations":[{"start":{"line":65,"column":4},"end":{"line":69,"column":null}},{"start":{"line":65,"column":4},"end":{"line":69,"column":null}}]}},"s":{"0":1,"1":1,"2":1,"3":1,"4":1,"5":42,"6":42,"7":42,"8":42,"9":42,"10":42,"11":42,"12":42,"13":1,"14":1,"15":0,"16":0,"17":0,"18":0,"19":0,"20":0,"21":0,"22":0,"23":0,"24":0,"25":0,"26":1},"f":{"0":43,"1":0},"b":{"0":[0,0],"1":[0,0],"2":[0,0],"3":[0,0]}}
,"D:\\notschool\\_project\\code\\kijiji-scraper\\lib\\search.ts": {"path":"D:\\notschool\\_project\\code\\kijiji-scraper\\lib\\search.ts","statementMap":{"0":{"start":{"line":5,"column":0},"end":{"line":5,"column":54}},"1":{"start":{"line":6,"column":0},"end":{"line":6,"column":56}},"2":{"start":{"line":7,"column":0},"end":{"line":7,"column":82}},"3":{"start":{"line":133,"column":10},"end":{"line":133,"column":29}},"4":{"start":{"line":134,"column":8},"end":{"line":134,"column":20}},"5":{"start":{"line":137,"column":12},"end":{"line":137,"column":51}},"6":{"start":{"line":138,"column":15},"end":{"line":138,"column":null}},"7":{"start":{"line":138,"column":26},"end":{"line":138,"column":null}},"8":{"start":{"line":139,"column":48},"end":{"line":139,"column":null}},"9":{"start":{"line":139,"column":18},"end":{"line":139,"column":48}},"10":{"start":{"line":140,"column":12},"end":{"line":140,"column":41}},"11":{"start":{"line":142,"column":12},"end":{"line":144,"column":80}},"12":{"start":{"line":146,"column":16},"end":{"line":146,"column":27}},"13":{"start":{"line":147,"column":16},"end":{"line":147,"column":49}},"14":{"start":{"line":151,"column":8},"end":{"line":151,"column":68}},"15":{"start":{"line":153,"column":4},"end":{"line":153,"column":19}},"16":{"start":{"line":158,"column":4},"end":{"line":160,"column":null}},"17":{"start":{"line":159,"column":8},"end":{"line":159,"column":76}},"18":{"start":{"line":165,"column":18},"end":{"line":172,"column":5}},"19":{"start":{"line":167,"column":18},"end":{"line":167,"column":20}},"20":{"start":{"line":168,"column":8},"end":{"line":170,"column":null}},"21":{"start":{"line":169,"column":12},"end":{"line":169,"column":24}},"22":{"start":{"line":171,"column":8},"end":{"line":171,"column":19}},"23":{"start":{"line":175,"column":25},"end":{"line":175,"column":41}},"24":{"start":{"line":178,"column":4},"end":{"line":180,"column":null}},"25":{"start":{"line":179,"column":8},"end":{"line":179,"column":39}},"26":{"start":{"line":181,"column":4},"end":{"line":183,"column":null}},"27":{"start":{"line":182,"column":8},"end":{"line":182,"column":39}},"28":{"start":{"line":187,"column":4},"end":{"line":187,"column":38}},"29":{"start":{"line":190,"column":4},"end":{"line":190,"column":null}},"30":{"start":{"line":193,"column":4},"end":{"line":193,"column":67}},"31":{"start":{"line":194,"column":4},"end":{"line":194,"column":67}},"32":{"start":{"line":196,"column":4},"end":{"line":196,"column":49}},"33":{"start":{"line":197,"column":4},"end":{"line":197,"column":49}},"34":{"start":{"line":198,"column":4},"end":{"line":198,"column":55}},"35":{"start":{"line":204,"column":26},"end":{"line":204,"column":43}},"36":{"start":{"line":207,"column":4},"end":{"line":209,"column":null}},"37":{"start":{"line":208,"column":8},"end":{"line":208,"column":44}},"38":{"start":{"line":210,"column":4},"end":{"line":210,"column":51}},"39":{"start":{"line":212,"column":4},"end":{"line":214,"column":null}},"40":{"start":{"line":213,"column":8},"end":{"line":213,"column":52}},"41":{"start":{"line":215,"column":4},"end":{"line":217,"column":null}},"42":{"start":{"line":216,"column":8},"end":{"line":216,"column":52}},"43":{"start":{"line":218,"column":4},"end":{"line":218,"column":60}},"44":{"start":{"line":220,"column":4},"end":{"line":222,"column":null}},"45":{"start":{"line":221,"column":8},"end":{"line":221,"column":41}},"46":{"start":{"line":223,"column":4},"end":{"line":223,"column":50}},"47":{"start":{"line":225,"column":4},"end":{"line":233,"column":null}},"48":{"start":{"line":226,"column":8},"end":{"line":230,"column":null}},"49":{"start":{"line":227,"column":12},"end":{"line":227,"column":70}},"50":{"start":{"line":229,"column":12},"end":{"line":229,"column":45}},"51":{"start":{"line":231,"column":11},"end":{"line":233,"column":null}},"52":{"start":{"line":232,"column":8},"end":{"line":232,"column":66}},"53":{"start":{"line":234,"column":4},"end":{"line":234,"column":50}},"54":{"start":{"line":236,"column":4},"end":{"line":236,"column":55}},"55":{"start":{"line":249,"column":0},"end":{"line":249,"column":16}},"56":{"start":{"line":249,"column":49},"end":{"line":249,"column":95}},"57":{"start":{"line":250,"column":35},"end":{"line":283,"column":6}},"58":{"start":{"line":252,"column":32},"end":{"line":252,"column":55}},"59":{"start":{"line":253,"column":33},"end":{"line":253,"column":58}},"60":{"start":{"line":254,"column":31},"end":{"line":254,"column":57}},"61":{"start":{"line":256,"column":35},"end":{"line":258,"column":31}},"62":{"start":{"line":261,"column":8},"end":{"line":282,"column":33}},"63":{"start":{"line":261,"column":88},"end":{"line":282,"column":10}},"64":{"start":{"line":262,"column":12},"end":{"line":264,"column":null}},"65":{"start":{"line":263,"column":16},"end":{"line":263,"column":72}},"66":{"start":{"line":265,"column":16},"end":{"line":265,"column":32}},"67":{"start":{"line":266,"column":20},"end":{"line":266,"column":36}},"68":{"start":{"line":267,"column":37},"end":{"line":267,"column":null}},"69":{"start":{"line":267,"column":31},"end":{"line":267,"column":37}},"70":{"start":{"line":268,"column":28},"end":{"line":268,"column":29}},"71":{"start":{"line":269,"column":28},"end":{"line":269,"column":46}},"72":{"start":{"line":270,"column":28},"end":{"line":270,"column":79}},"73":{"start":{"line":274,"column":20},"end":{"line":278,"column":24}},"74":{"start":{"line":275,"column":24},"end":{"line":277,"column":null}},"75":{"start":{"line":276,"column":28},"end":{"line":276,"column":40}},"76":{"start":{"line":281,"column":12},"end":{"line":281,"column":27}},"77":{"start":{"line":285,"column":4},"end":{"line":290,"column":null}},"78":{"start":{"line":286,"column":8},"end":{"line":289,"column":10}},"79":{"start":{"line":287,"column":23},"end":{"line":287,"column":null}},"80":{"start":{"line":288,"column":19},"end":{"line":288,"column":null}},"81":{"start":{"line":291,"column":4},"end":{"line":291,"column":19}}},"fnMap":{"0":{"name":"getSearchResults","decl":{"start":{"line":132,"column":15},"end":{"line":132,"column":31}},"loc":{"start":{"line":132,"column":118},"end":{"line":154,"column":null}}},"1":{"name":"ensureIntProp","decl":{"start":{"line":157,"column":9},"end":{"line":157,"column":22}},"loc":{"start":{"line":157,"column":49},"end":{"line":161,"column":1}}},"2":{"name":"getSearchParams","decl":{"start":{"line":164,"column":9},"end":{"line":164,"column":24}},"loc":{"start":{"line":164,"column":49},"end":{"line":199,"column":1}}},"3":{"name":"(anonymous_24)","decl":{"start":{"line":165,"column":18},"end":{"line":165,"column":19}},"loc":{"start":{"line":165,"column":26},"end":{"line":172,"column":5}}},"4":{"name":"getSearchOptions","decl":{"start":{"line":202,"column":9},"end":{"line":202,"column":25}},"loc":{"start":{"line":202,"column":48},"end":{"line":237,"column":1}}},"5":{"name":"search","decl":{"start":{"line":249,"column":16},"end":{"line":249,"column":22}},"loc":{"start":{"line":249,"column":144},"end":{"line":292,"column":1}}},"6":{"name":"(anonymous_27)","decl":{"start":{"line":250,"column":47},"end":{"line":250,"column":48}},"loc":{"start":{"line":250,"column":63},"end":{"line":283,"column":5}}},"7":{"name":"(anonymous_28)","decl":{"start":{"line":261,"column":75},"end":{"line":261,"column":81}},"loc":{"start":{"line":261,"column":88},"end":{"line":282,"column":10}}},"8":{"name":"(anonymous_29)","decl":{"start":{"line":261,"column":88},"end":{"line":261,"column":null}},"loc":{"start":{"line":261,"column":88},"end":{"line":282,"column":10}}},"9":{"name":"(anonymous_31)","decl":{"start":{"line":274,"column":50},"end":{"line":274,"column":52}},"loc":{"start":{"line":274,"column":52},"end":{"line":278,"column":21}}},"10":{"name":"(anonymous_32)","decl":{"start":{"line":287,"column":12},"end":{"line":287,"column":19}},"loc":{"start":{"line":287,"column":19},"end":{"line":287,"column":31}}},"11":{"name":"(anonymous_33)","decl":{"start":{"line":288,"column":12},"end":{"line":288,"column":15}},"loc":{"start":{"line":288,"column":15},"end":{"line":288,"column":27}}}},"branchMap":{"0":{"loc":{"start":{"line":153,"column":4},"end":{"line":153,"column":19}},"type":"switch","locations":[{"start":{"line":153,"column":4},"end":{"line":153,"column":19}}]},"1":{"loc":{"start":{"line":138,"column":15},"end":{"line":138,"column":null}},"type":"if","locations":[{"start":{"line":138,"column":15},"end":{"line":138,"column":null}},{"start":{"line":138,"column":15},"end":{"line":138,"column":null}}]},"2":{"loc":{"start":{"line":142,"column":26},"end":{"line":142,"column":48}},"type":"binary-expr","locations":[{"start":{"line":142,"column":26},"end":{"line":142,"column":48}},{"start":{"line":143,"column":16},"end":{"line":143,"column":27}},{"start":{"line":144,"column":17},"end":{"line":144,"column":52}},{"start":{"line":144,"column":56},"end":{"line":144,"column":78}}]},"3":{"loc":{"start":{"line":146,"column":16},"end":{"line":146,"column":27}},"type":"if","locations":[{"start":{"line":146,"column":16},"end":{"line":146,"column":27}},{"start":{"line":146,"column":16},"end":{"line":146,"column":27}}]},"4":{"loc":{"start":{"line":158,"column":4},"end":{"line":160,"column":null}},"type":"if","locations":[{"start":{"line":158,"column":4},"end":{"line":160,"column":null}},{"start":{"line":158,"column":4},"end":{"line":160,"column":null}}]},"5":{"loc":{"start":{"line":158,"column":8},"end":{"line":158,"column":37}},"type":"binary-expr","locations":[{"start":{"line":158,"column":8},"end":{"line":158,"column":37}},{"start":{"line":158,"column":41},"end":{"line":158,"column":73}}]},"6":{"loc":{"start":{"line":168,"column":8},"end":{"line":170,"column":null}},"type":"if","locations":[{"start":{"line":168,"column":8},"end":{"line":170,"column":null}},{"start":{"line":168,"column":8},"end":{"line":170,"column":null}}]},"7":{"loc":{"start":{"line":168,"column":12},"end":{"line":168,"column":34}},"type":"binary-expr","locations":[{"start":{"line":168,"column":12},"end":{"line":168,"column":34}},{"start":{"line":168,"column":38},"end":{"line":168,"column":61}}]},"8":{"loc":{"start":{"line":178,"column":4},"end":{"line":180,"column":null}},"type":"if","locations":[{"start":{"line":178,"column":4},"end":{"line":180,"column":null}},{"start":{"line":178,"column":4},"end":{"line":180,"column":null}}]},"9":{"loc":{"start":{"line":181,"column":4},"end":{"line":183,"column":null}},"type":"if","locations":[{"start":{"line":181,"column":4},"end":{"line":183,"column":null}},{"start":{"line":181,"column":4},"end":{"line":183,"column":null}}]},"10":{"loc":{"start":{"line":207,"column":4},"end":{"line":209,"column":null}},"type":"if","locations":[{"start":{"line":207,"column":4},"end":{"line":209,"column":null}},{"start":{"line":207,"column":4},"end":{"line":209,"column":null}}]},"11":{"loc":{"start":{"line":212,"column":4},"end":{"line":214,"column":null}},"type":"if","locations":[{"start":{"line":212,"column":4},"end":{"line":214,"column":null}},{"start":{"line":212,"column":4},"end":{"line":214,"column":null}}]},"12":{"loc":{"start":{"line":215,"column":4},"end":{"line":217,"column":null}},"type":"if","locations":[{"start":{"line":215,"column":4},"end":{"line":217,"column":null}},{"start":{"line":215,"column":4},"end":{"line":217,"column":null}}]},"13":{"loc":{"start":{"line":220,"column":4},"end":{"line":222,"column":null}},"type":"if","locations":[{"start":{"line":220,"column":4},"end":{"line":222,"column":null}},{"start":{"line":220,"column":4},"end":{"line":222,"column":null}}]},"14":{"loc":{"start":{"line":225,"column":4},"end":{"line":233,"column":null}},"type":"if","locations":[{"start":{"line":225,"column":4},"end":{"line":233,"column":null}},{"start":{"line":225,"column":4},"end":{"line":233,"column":null}}]},"15":{"loc":{"start":{"line":226,"column":8},"end":{"line":230,"column":null}},"type":"if","locations":[{"start":{"line":226,"column":8},"end":{"line":230,"column":null}},{"start":{"line":226,"column":8},"end":{"line":230,"column":null}}]},"16":{"loc":{"start":{"line":231,"column":11},"end":{"line":233,"column":null}},"type":"if","locations":[{"start":{"line":231,"column":11},"end":{"line":233,"column":null}},{"start":{"line":231,"column":11},"end":{"line":233,"column":null}}]},"17":{"loc":{"start":{"line":249,"column":49},"end":{"line":249,"column":95}},"type":"if","locations":[{"start":{"line":249,"column":49},"end":{"line":249,"column":95}},{"start":{"line":249,"column":49},"end":{"line":249,"column":95}}]},"18":{"loc":{"start":{"line":257,"column":14},"end":{"line":257,"column":32}},"type":"cond-expr","locations":[{"start":{"line":257,"column":14},"end":{"line":257,"column":32}},{"start":{"line":258,"column":14},"end":{"line":258,"column":31}}]},"19":{"loc":{"start":{"line":274,"column":20},"end":{"line":278,"column":24}},"type":"switch","locations":[{"start":{"line":274,"column":20},"end":{"line":278,"column":24}},{"start":{"line":281,"column":12},"end":{"line":281,"column":27}}]},"20":{"loc":{"start":{"line":262,"column":12},"end":{"line":264,"column":null}},"type":"if","locations":[{"start":{"line":262,"column":12},"end":{"line":264,"column":null}},{"start":{"line":262,"column":12},"end":{"line":264,"column":null}}]},"21":{"loc":{"start":{"line":265,"column":16},"end":{"line":265,"column":32}},"type":"if","locations":[{"start":{"line":265,"column":16},"end":{"line":265,"column":32}},{"start":{"line":265,"column":16},"end":{"line":265,"column":32}}]},"22":{"loc":{"start":{"line":266,"column":20},"end":{"line":266,"column":36}},"type":"if","locations":[{"start":{"line":266,"column":20},"end":{"line":266,"column":36}},{"start":{"line":266,"column":20},"end":{"line":266,"column":36}}]},"23":{"loc":{"start":{"line":268,"column":28},"end":{"line":268,"column":29}},"type":"if","locations":[{"start":{"line":268,"column":28},"end":{"line":268,"column":29}},{"start":{"line":268,"column":28},"end":{"line":268,"column":29}}]},"24":{"loc":{"start":{"line":275,"column":24},"end":{"line":277,"column":null}},"type":"if","locations":[{"start":{"line":275,"column":24},"end":{"line":277,"column":null}},{"start":{"line":275,"column":24},"end":{"line":277,"column":null}}]},"25":{"loc":{"start":{"line":285,"column":4},"end":{"line":290,"column":null}},"type":"if","locations":[{"start":{"line":285,"column":4},"end":{"line":290,"column":null}},{"start":{"line":285,"column":4},"end":{"line":290,"column":null}}]}},"s":{"0":0,"1":0,"2":0,"3":0,"4":0,"5":0,"6":0,"7":0,"8":0,"9":0,"10":0,"11":0,"12":0,"13":0,"14":0,"15":0,"16":0,"17":0,"18":0,"19":0,"20":0,"21":0,"22":0,"23":0,"24":0,"25":0,"26":0,"27":0,"28":0,"29":0,"30":0,"31":0,"32":0,"33":0,"34":0,"35":0,"36":0,"37":0,"38":0,"39":0,"40":0,"41":0,"42":0,"43":0,"44":0,"45":0,"46":0,"47":0,"48":0,"49":0,"50":0,"51":0,"52":0,"53":0,"54":0,"55":0,"56":0,"57":0,"58":0,"59":0,"60":0,"61":0,"62":0,"63":0,"64":0,"65":0,"66":0,"67":0,"68":0,"69":0,"70":0,"71":0,"72":0,"73":0,"74":0,"75":0,"76":0,"77":0,"78":0,"79":0,"80":0,"81":0},"f":{"0":0,"1":0,"2":0,"3":0,"4":0,"5":0,"6":0,"7":0,"8":0,"9":0,"10":0,"11":0},"b":{"0":[0],"1":[0,0],"2":[0,0,0,0],"3":[0,0],"4":[0,0],"5":[0,0],"6":[0,0],"7":[0,0],"8":[0,0],"9":[0,0],"10":[0,0],"11":[0,0],"12":[0,0],"13":[0,0],"14":[0,0],"15":[0,0],"16":[0,0],"17":[0,0],"18":[0,0],"19":[0,0],"20":[0,0],"21":[0,0],"22":[0,0],"23":[0,0],"24":[0,0],"25":[0,0]}}
,"D:\\notschool\\_project\\code\\kijiji-scraper\\lib\\backends\\api-scraper.ts": {"path":"D:\\notschool\\_project\\code\\kijiji-scraper\\lib\\backends\\api-scraper.ts","statementMap":{"0":{"start":{"line":4,"column":0},"end":{"line":4,"column":31}},"1":{"start":{"line":5,"column":0},"end":{"line":5,"column":30}},"2":{"start":{"line":7,"column":0},"end":{"line":7,"column":59}},"3":{"start":{"line":8,"column":0},"end":{"line":8,"column":76}},"4":{"start":{"line":9,"column":0},"end":{"line":9,"column":36}},"5":{"start":{"line":11,"column":20},"end":{"line":11,"column":30}},"6":{"start":{"line":12,"column":25},"end":{"line":12,"column":59}},"7":{"start":{"line":15,"column":22},"end":{"line":15,"column":47}},"8":{"start":{"line":16,"column":4},"end":{"line":18,"column":null}},"9":{"start":{"line":17,"column":8},"end":{"line":17,"column":25}},"10":{"start":{"line":20,"column":17},"end":{"line":20,"column":56}},"11":{"start":{"line":21,"column":18},"end":{"line":21,"column":41}},"12":{"start":{"line":22,"column":27},"end":{"line":22,"column":82}},"13":{"start":{"line":25,"column":4},"end":{"line":38,"column":null}},"14":{"start":{"line":26,"column":8},"end":{"line":26,"column":20}},"15":{"start":{"line":27,"column":11},"end":{"line":38,"column":null}},"16":{"start":{"line":28,"column":8},"end":{"line":28,"column":21}},"17":{"start":{"line":29,"column":11},"end":{"line":38,"column":null}},"18":{"start":{"line":32,"column":8},"end":{"line":34,"column":null}},"19":{"start":{"line":33,"column":12},"end":{"line":33,"column":42}},"20":{"start":{"line":35,"column":8},"end":{"line":35,"column":29}},"21":{"start":{"line":36,"column":11},"end":{"line":38,"column":null}},"22":{"start":{"line":37,"column":8},"end":{"line":37,"column":31}},"23":{"start":{"line":39,"column":4},"end":{"line":39,"column":17}},"24":{"start":{"line":44,"column":14},"end":{"line":44,"column":31}},"25":{"start":{"line":46,"column":21},"end":{"line":46,"column":52}},"26":{"start":{"line":47,"column":4},"end":{"line":49,"column":null}},"27":{"start":{"line":48,"column":8},"end":{"line":48,"column":62}},"28":{"start":{"line":51,"column":22},"end":{"line":51,"column":40}},"29":{"start":{"line":52,"column":4},"end":{"line":54,"column":null}},"30":{"start":{"line":53,"column":8},"end":{"line":53,"column":20}},"31":{"start":{"line":55,"column":4},"end":{"line":55,"column":41}},"32":{"start":{"line":59,"column":17},"end":{"line":59,"column":29}},"33":{"start":{"line":61,"column":14},"end":{"line":61,"column":32}},"34":{"start":{"line":62,"column":17},"end":{"line":62,"column":40}},"35":{"start":{"line":63,"column":22},"end":{"line":63,"column":37}},"36":{"start":{"line":64,"column":21},"end":{"line":64,"column":46}},"37":{"start":{"line":67,"column":4},"end":{"line":69,"column":null}},"38":{"start":{"line":68,"column":8},"end":{"line":68,"column":20}},"39":{"start":{"line":71,"column":4},"end":{"line":71,"column":19}},"40":{"start":{"line":72,"column":4},"end":{"line":72,"column":34}},"41":{"start":{"line":73,"column":4},"end":{"line":73,"column":78}},"42":{"start":{"line":74,"column":4},"end":{"line":74,"column":42}},"43":{"start":{"line":76,"column":4},"end":{"line":82,"column":7}},"44":{"start":{"line":77,"column":28},"end":{"line":77,"column":35}},"45":{"start":{"line":78,"column":20},"end":{"line":78,"column":44}},"46":{"start":{"line":79,"column":8},"end":{"line":81,"column":null}},"47":{"start":{"line":80,"column":12},"end":{"line":80,"column":52}},"48":{"start":{"line":83,"column":4},"end":{"line":83,"column":62}},"49":{"start":{"line":86,"column":4},"end":{"line":93,"column":7}},"50":{"start":{"line":87,"column":28},"end":{"line":87,"column":35}},"51":{"start":{"line":88,"column":21},"end":{"line":88,"column":45}},"52":{"start":{"line":89,"column":22},"end":{"line":89,"column":53}},"53":{"start":{"line":90,"column":8},"end":{"line":92,"column":null}},"54":{"start":{"line":91,"column":12},"end":{"line":91,"column":42}},"55":{"start":{"line":97,"column":20},"end":{"line":97,"column":57}},"56":{"start":{"line":98,"column":4},"end":{"line":102,"column":null}},"57":{"start":{"line":99,"column":8},"end":{"line":99,"column":51}},"58":{"start":{"line":101,"column":8},"end":{"line":101,"column":43}},"59":{"start":{"line":104,"column":23},"end":{"line":104,"column":71}},"60":{"start":{"line":105,"column":4},"end":{"line":107,"column":null}},"61":{"start":{"line":106,"column":8},"end":{"line":106,"column":49}},"62":{"start":{"line":109,"column":19},"end":{"line":109,"column":54}},"63":{"start":{"line":110,"column":4},"end":{"line":112,"column":null}},"64":{"start":{"line":111,"column":8},"end":{"line":111,"column":41}},"65":{"start":{"line":114,"column":22},"end":{"line":114,"column":52}},"66":{"start":{"line":115,"column":4},"end":{"line":117,"column":null}},"67":{"start":{"line":116,"column":8},"end":{"line":116,"column":54}},"68":{"start":{"line":118,"column":4},"end":{"line":118,"column":16}},"69":{"start":{"line":58,"column":0},"end":{"line":58,"column":16}},"70":{"start":{"line":123,"column":22},"end":{"line":123,"column":34}},"71":{"start":{"line":124,"column":22},"end":{"line":124,"column":59}},"72":{"start":{"line":126,"column":4},"end":{"line":128,"column":null}},"73":{"start":{"line":127,"column":8},"end":{"line":127,"column":83}},"74":{"start":{"line":130,"column":4},"end":{"line":130,"column":48}},"75":{"start":{"line":131,"column":4},"end":{"line":140,"column":11}},"76":{"start":{"line":133,"column":12},"end":{"line":135,"column":null}},"77":{"start":{"line":134,"column":16},"end":{"line":134,"column":40}},"78":{"start":{"line":136,"column":12},"end":{"line":136,"column":30}},"79":{"start":{"line":139,"column":12},"end":{"line":139,"column":42}},"80":{"start":{"line":122,"column":0},"end":{"line":122,"column":16}}},"fnMap":{"0":{"name":"castAttributeValue","decl":{"start":{"line":14,"column":9},"end":{"line":14,"column":27}},"loc":{"start":{"line":14,"column":49},"end":{"line":40,"column":1}}},"1":{"name":"parseResponseXML","decl":{"start":{"line":43,"column":9},"end":{"line":43,"column":25}},"loc":{"start":{"line":43,"column":37},"end":{"line":56,"column":1}}},"2":{"name":"scrapeAdElement","decl":{"start":{"line":58,"column":16},"end":{"line":58,"column":31}},"loc":{"start":{"line":58,"column":53},"end":{"line":119,"column":1}}},"3":{"name":"(anonymous_4)","decl":{"start":{"line":76,"column":53},"end":{"line":76,"column":54}},"loc":{"start":{"line":76,"column":62},"end":{"line":82,"column":5}}},"4":{"name":"(anonymous_5)","decl":{"start":{"line":86,"column":31},"end":{"line":86,"column":32}},"loc":{"start":{"line":86,"column":40},"end":{"line":93,"column":5}}},"5":{"name":"scrapeAPI","decl":{"start":{"line":122,"column":16},"end":{"line":122,"column":25}},"loc":{"start":{"line":122,"column":37},"end":{"line":141,"column":1}}},"6":{"name":"(anonymous_7)","decl":{"start":{"line":132,"column":14},"end":{"line":132,"column":17}},"loc":{"start":{"line":132,"column":17},"end":{"line":137,"column":9}}},"7":{"name":"(anonymous_8)","decl":{"start":{"line":138,"column":14},"end":{"line":138,"column":18}},"loc":{"start":{"line":138,"column":18},"end":{"line":140,"column":9}}}},"branchMap":{"0":{"loc":{"start":{"line":16,"column":4},"end":{"line":18,"column":null}},"type":"if","locations":[{"start":{"line":16,"column":4},"end":{"line":18,"column":null}},{"start":{"line":16,"column":4},"end":{"line":18,"column":null}}]},"1":{"loc":{"start":{"line":20,"column":18},"end":{"line":20,"column":35}},"type":"binary-expr","locations":[{"start":{"line":20,"column":18},"end":{"line":20,"column":35}},{"start":{"line":20,"column":39},"end":{"line":20,"column":41}}]},"2":{"loc":{"start":{"line":22,"column":28},"end":{"line":22,"column":61}},"type":"binary-expr","locations":[{"start":{"line":22,"column":28},"end":{"line":22,"column":61}},{"start":{"line":22,"column":65},"end":{"line":22,"column":67}}]},"3":{"loc":{"start":{"line":25,"column":4},"end":{"line":38,"column":null}},"type":"if","locations":[{"start":{"line":25,"column":4},"end":{"line":38,"column":null}},{"start":{"line":25,"column":4},"end":{"line":38,"column":null}}]},"4":{"loc":{"start":{"line":27,"column":11},"end":{"line":38,"column":null}},"type":"if","locations":[{"start":{"line":27,"column":11},"end":{"line":38,"column":null}},{"start":{"line":27,"column":11},"end":{"line":38,"column":null}}]},"5":{"loc":{"start":{"line":29,"column":11},"end":{"line":38,"column":null}},"type":"if","locations":[{"start":{"line":29,"column":11},"end":{"line":38,"column":null}},{"start":{"line":29,"column":11},"end":{"line":38,"column":null}}]},"6":{"loc":{"start":{"line":32,"column":8},"end":{"line":34,"column":null}},"type":"if","locations":[{"start":{"line":32,"column":8},"end":{"line":34,"column":null}},{"start":{"line":32,"column":8},"end":{"line":34,"column":null}}]},"7":{"loc":{"start":{"line":36,"column":11},"end":{"line":38,"column":null}},"type":"if","locations":[{"start":{"line":36,"column":11},"end":{"line":38,"column":null}},{"start":{"line":36,"column":11},"end":{"line":38,"column":null}}]},"8":{"loc":{"start":{"line":47,"column":4},"end":{"line":49,"column":null}},"type":"if","locations":[{"start":{"line":47,"column":4},"end":{"line":49,"column":null}},{"start":{"line":47,"column":4},"end":{"line":49,"column":null}}]},"9":{"loc":{"start":{"line":52,"column":4},"end":{"line":54,"column":null}},"type":"if","locations":[{"start":{"line":52,"column":4},"end":{"line":54,"column":null}},{"start":{"line":52,"column":4},"end":{"line":54,"column":null}}]},"10":{"loc":{"start":{"line":67,"column":4},"end":{"line":69,"column":null}},"type":"if","locations":[{"start":{"line":67,"column":4},"end":{"line":69,"column":null}},{"start":{"line":67,"column":4},"end":{"line":69,"column":null}}]},"11":{"loc":{"start":{"line":67,"column":8},"end":{"line":67,"column":26}},"type":"binary-expr","locations":[{"start":{"line":67,"column":8},"end":{"line":67,"column":26}},{"start":{"line":67,"column":30},"end":{"line":67,"column":52}},{"start":{"line":67,"column":56},"end":{"line":67,"column":77}}]},"12":{"loc":{"start":{"line":73,"column":42},"end":{"line":73,"column":70}},"type":"binary-expr","locations":[{"start":{"line":73,"column":42},"end":{"line":73,"column":70}},{"start":{"line":73,"column":74},"end":{"line":73,"column":76}}]},"13":{"loc":{"start":{"line":79,"column":8},"end":{"line":81,"column":null}},"type":"if","locations":[{"start":{"line":79,"column":8},"end":{"line":81,"column":null}},{"start":{"line":79,"column":8},"end":{"line":81,"column":null}}]},"14":{"loc":{"start":{"line":83,"column":42},"end":{"line":83,"column":56}},"type":"cond-expr","locations":[{"start":{"line":83,"column":42},"end":{"line":83,"column":56}},{"start":{"line":83,"column":59},"end":{"line":83,"column":61}}]},"15":{"loc":{"start":{"line":90,"column":8},"end":{"line":92,"column":null}},"type":"if","locations":[{"start":{"line":90,"column":8},"end":{"line":92,"column":null}},{"start":{"line":90,"column":8},"end":{"line":92,"column":null}}]},"16":{"loc":{"start":{"line":90,"column":12},"end":{"line":90,"column":16}},"type":"binary-expr","locations":[{"start":{"line":90,"column":12},"end":{"line":90,"column":16}},{"start":{"line":90,"column":20},"end":{"line":90,"column":39}}]},"17":{"loc":{"start":{"line":98,"column":4},"end":{"line":102,"column":null}},"type":"if","locations":[{"start":{"line":98,"column":4},"end":{"line":102,"column":null}},{"start":{"line":98,"column":4},"end":{"line":102,"column":null}}]},"18":{"loc":{"start":{"line":105,"column":4},"end":{"line":107,"column":null}},"type":"if","locations":[{"start":{"line":105,"column":4},"end":{"line":107,"column":null}},{"start":{"line":105,"column":4},"end":{"line":107,"column":null}}]},"19":{"loc":{"start":{"line":110,"column":4},"end":{"line":112,"column":null}},"type":"if","locations":[{"start":{"line":110,"column":4},"end":{"line":112,"column":null}},{"start":{"line":110,"column":4},"end":{"line":112,"column":null}}]},"20":{"loc":{"start":{"line":115,"column":4},"end":{"line":117,"column":null}},"type":"if","locations":[{"start":{"line":115,"column":4},"end":{"line":117,"column":null}},{"start":{"line":115,"column":4},"end":{"line":117,"column":null}}]},"21":{"loc":{"start":{"line":126,"column":4},"end":{"line":128,"column":null}},"type":"if","locations":[{"start":{"line":126,"column":4},"end":{"line":128,"column":null}},{"start":{"line":126,"column":4},"end":{"line":128,"column":null}}]},"22":{"loc":{"start":{"line":133,"column":12},"end":{"line":135,"column":null}},"type":"if","locations":[{"start":{"line":133,"column":12},"end":{"line":135,"column":null}},{"start":{"line":133,"column":12},"end":{"line":135,"column":null}}]}},"s":{"0":1,"1":1,"2":1,"3":1,"4":1,"5":1,"6":1,"7":0,"8":0,"9":0,"10":0,"11":0,"12":0,"13":0,"14":0,"15":0,"16":0,"17":0,"18":0,"19":0,"20":0,"21":0,"22":0,"23":0,"24":0,"25":0,"26":0,"27":0,"28":0,"29":0,"30":0,"31":0,"32":0,"33":0,"34":0,"35":0,"36":0,"37":0,"38":0,"39":0,"40":0,"41":0,"42":0,"43":0,"44":0,"45":0,"46":0,"47":0,"48":0,"49":0,"50":0,"51":0,"52":0,"53":0,"54":0,"55":0,"56":0,"57":0,"58":0,"59":0,"60":0,"61":0,"62":0,"63":0,"64":0,"65":0,"66":0,"67":0,"68":0,"69":1,"70":0,"71":0,"72":0,"73":0,"74":0,"75":0,"76":0,"77":0,"78":0,"79":0,"80":1},"f":{"0":0,"1":0,"2":0,"3":0,"4":0,"5":0,"6":0,"7":0},"b":{"0":[0,0],"1":[0,0],"2":[0,0],"3":[0,0],"4":[0,0],"5":[0,0],"6":[0,0],"7":[0,0],"8":[0,0],"9":[0,0],"10":[0,0],"11":[0,0,0],"12":[0,0],"13":[0,0],"14":[0,0],"15":[0,0],"16":[0,0],"17":[0,0],"18":[0,0],"19":[0,0],"20":[0,0],"21":[0,0],"22":[0,0]}}
,"D:\\notschool\\_project\\code\\kijiji-scraper\\lib\\backends\\api-searcher.ts": {"path":"D:\\notschool\\_project\\code\\kijiji-scraper\\lib\\backends\\api-searcher.ts","statementMap":{"0":{"start":{"line":5,"column":0},"end":{"line":5,"column":30}},"1":{"start":{"line":6,"column":0},"end":{"line":6,"column":29}},"2":{"start":{"line":7,"column":0},"end":{"line":7,"column":30}},"3":{"start":{"line":9,"column":0},"end":{"line":9,"column":27}},"4":{"start":{"line":10,"column":0},"end":{"line":10,"column":48}},"5":{"start":{"line":11,"column":0},"end":{"line":11,"column":80}},"6":{"start":{"line":14,"column":28},"end":{"line":14,"column":62}},"7":{"start":{"line":17,"column":28},"end":{"line":17,"column":30}},"8":{"start":{"line":18,"column":14},"end":{"line":18,"column":31}},"9":{"start":{"line":19,"column":23},"end":{"line":19,"column":80}},"10":{"start":{"line":22,"column":4},"end":{"line":34,"column":7}},"11":{"start":{"line":23,"column":20},"end":{"line":23,"column":85}},"12":{"start":{"line":24,"column":8},"end":{"line":27,"column":null}},"13":{"start":{"line":26,"column":12},"end":{"line":26,"column":19}},"14":{"start":{"line":29,"column":21},"end":{"line":29,"column":42}},"15":{"start":{"line":30,"column":8},"end":{"line":32,"column":null}},"16":{"start":{"line":31,"column":12},"end":{"line":31,"column":85}},"17":{"start":{"line":33,"column":8},"end":{"line":33,"column":48}},"18":{"start":{"line":36,"column":4},"end":{"line":39,"column":6}},"19":{"start":{"line":45,"column":0},"end":{"line":45,"column":13}},"20":{"start":{"line":47,"column":4},"end":{"line":63,"column":null}},"21":{"start":{"line":48,"column":23},"end":{"line":52,"column":13}},"22":{"start":{"line":55,"column":8},"end":{"line":62,"column":35}},"23":{"start":{"line":57,"column":16},"end":{"line":59,"column":null}},"24":{"start":{"line":58,"column":20},"end":{"line":58,"column":44}},"25":{"start":{"line":60,"column":16},"end":{"line":60,"column":34}},"26":{"start":{"line":64,"column":0},"end":{"line":64,"column":null}},"27":{"start":{"line":45,"column":13},"end":{"line":45,"column":24}}},"fnMap":{"0":{"name":"parseResultsXML","decl":{"start":{"line":16,"column":9},"end":{"line":16,"column":24}},"loc":{"start":{"line":16,"column":36},"end":{"line":40,"column":1}}},"1":{"name":"(anonymous_4)","decl":{"start":{"line":22,"column":22},"end":{"line":22,"column":23}},"loc":{"start":{"line":22,"column":31},"end":{"line":34,"column":5}}},"2":{"name":"(anonymous_5)","decl":{"start":{"line":45,"column":0},"end":{"line":45,"column":13}},"loc":{"start":{"line":45,"column":0},"end":{"line":64,"column":null}}},"3":{"name":"(anonymous_7)","decl":{"start":{"line":47,"column":4},"end":{"line":47,"column":18}},"loc":{"start":{"line":47,"column":68},"end":{"line":63,"column":5}}},"4":{"name":"(anonymous_8)","decl":{"start":{"line":56,"column":18},"end":{"line":56,"column":21}},"loc":{"start":{"line":56,"column":21},"end":{"line":61,"column":13}}}},"branchMap":{"0":{"loc":{"start":{"line":24,"column":8},"end":{"line":27,"column":null}},"type":"if","locations":[{"start":{"line":24,"column":8},"end":{"line":27,"column":null}},{"start":{"line":24,"column":8},"end":{"line":27,"column":null}}]},"1":{"loc":{"start":{"line":30,"column":8},"end":{"line":32,"column":null}},"type":"if","locations":[{"start":{"line":30,"column":8},"end":{"line":32,"column":null}},{"start":{"line":30,"column":8},"end":{"line":32,"column":null}}]},"2":{"loc":{"start":{"line":57,"column":16},"end":{"line":59,"column":null}},"type":"if","locations":[{"start":{"line":57,"column":16},"end":{"line":59,"column":null}},{"start":{"line":57,"column":16},"end":{"line":59,"column":null}}]}},"s":{"0":0,"1":0,"2":0,"3":0,"4":0,"5":0,"6":0,"7":0,"8":0,"9":0,"10":0,"11":0,"12":0,"13":0,"14":0,"15":0,"16":0,"17":0,"18":0,"19":0,"20":0,"21":0,"22":0,"23":0,"24":0,"25":0,"26":0,"27":0},"f":{"0":0,"1":0,"2":0,"3":0,"4":0},"b":{"0":[0,0],"1":[0,0],"2":[0,0]}}
,"D:\\notschool\\_project\\code\\kijiji-scraper\\lib\\backends\\html-scraper.ts": {"path":"D:\\notschool\\_project\\code\\kijiji-scraper\\lib\\backends\\html-scraper.ts","statementMap":{"0":{"start":{"line":4,"column":0},"end":{"line":4,"column":31}},"1":{"start":{"line":5,"column":0},"end":{"line":5,"column":30}},"2":{"start":{"line":7,"column":0},"end":{"line":7,"column":60}},"3":{"start":{"line":8,"column":0},"end":{"line":8,"column":76}},"4":{"start":{"line":9,"column":0},"end":{"line":9,"column":36}},"5":{"start":{"line":12,"column":16},"end":{"line":12,"column":33}},"6":{"start":{"line":13,"column":4},"end":{"line":15,"column":null}},"7":{"start":{"line":14,"column":8},"end":{"line":14,"column":25}},"8":{"start":{"line":17,"column":4},"end":{"line":17,"column":25}},"9":{"start":{"line":18,"column":27},"end":{"line":18,"column":85}},"10":{"start":{"line":21,"column":4},"end":{"line":36,"column":null}},"11":{"start":{"line":22,"column":8},"end":{"line":22,"column":20}},"12":{"start":{"line":23,"column":11},"end":{"line":36,"column":null}},"13":{"start":{"line":24,"column":8},"end":{"line":24,"column":21}},"14":{"start":{"line":25,"column":11},"end":{"line":36,"column":null}},"15":{"start":{"line":28,"column":8},"end":{"line":30,"column":null}},"16":{"start":{"line":29,"column":12},"end":{"line":29,"column":42}},"17":{"start":{"line":31,"column":8},"end":{"line":31,"column":29}},"18":{"start":{"line":32,"column":11},"end":{"line":36,"column":null}},"19":{"start":{"line":33,"column":8},"end":{"line":33,"column":31}},"20":{"start":{"line":35,"column":8},"end":{"line":35,"column":21}},"21":{"start":{"line":41,"column":17},"end":{"line":41,"column":29}},"22":{"start":{"line":44,"column":14},"end":{"line":44,"column":32}},"23":{"start":{"line":45,"column":22},"end":{"line":45,"column":24}},"24":{"start":{"line":46,"column":15},"end":{"line":46,"column":76}},"25":{"start":{"line":47,"column":4},"end":{"line":47,"column":46}},"26":{"start":{"line":49,"column":4},"end":{"line":53,"column":null}},"27":{"start":{"line":52,"column":8},"end":{"line":52,"column":20}},"28":{"start":{"line":55,"column":4},"end":{"line":55,"column":27}},"29":{"start":{"line":57,"column":17},"end":{"line":57,"column":32}},"30":{"start":{"line":58,"column":20},"end":{"line":58,"column":39}},"31":{"start":{"line":59,"column":21},"end":{"line":59,"column":43}},"32":{"start":{"line":62,"column":4},"end":{"line":64,"column":null}},"33":{"start":{"line":63,"column":8},"end":{"line":63,"column":20}},"34":{"start":{"line":66,"column":4},"end":{"line":66,"column":30}},"35":{"start":{"line":67,"column":4},"end":{"line":67,"column":25}},"36":{"start":{"line":68,"column":4},"end":{"line":68,"column":72}},"37":{"start":{"line":69,"column":4},"end":{"line":69,"column":35}},"38":{"start":{"line":70,"column":4},"end":{"line":70,"column":71}},"39":{"start":{"line":72,"column":4},"end":{"line":76,"column":7}},"40":{"start":{"line":73,"column":8},"end":{"line":75,"column":null}},"41":{"start":{"line":74,"column":12},"end":{"line":74,"column":55}},"42":{"start":{"line":77,"column":4},"end":{"line":83,"column":7}},"43":{"start":{"line":78,"column":21},"end":{"line":78,"column":33}},"44":{"start":{"line":79,"column":22},"end":{"line":79,"column":43}},"45":{"start":{"line":80,"column":8},"end":{"line":82,"column":null}},"46":{"start":{"line":81,"column":12},"end":{"line":81,"column":42}},"47":{"start":{"line":87,"column":4},"end":{"line":89,"column":null}},"48":{"start":{"line":88,"column":8},"end":{"line":88,"column":65}},"49":{"start":{"line":90,"column":4},"end":{"line":92,"column":null}},"50":{"start":{"line":91,"column":8},"end":{"line":91,"column":60}},"51":{"start":{"line":93,"column":4},"end":{"line":95,"column":null}},"52":{"start":{"line":94,"column":8},"end":{"line":94,"column":52}},"53":{"start":{"line":96,"column":4},"end":{"line":98,"column":null}},"54":{"start":{"line":97,"column":8},"end":{"line":97,"column":60}},"55":{"start":{"line":99,"column":4},"end":{"line":99,"column":16}},"56":{"start":{"line":104,"column":4},"end":{"line":113,"column":15}},"57":{"start":{"line":106,"column":16},"end":{"line":108,"column":null}},"58":{"start":{"line":107,"column":20},"end":{"line":107,"column":44}},"59":{"start":{"line":109,"column":16},"end":{"line":109,"column":34}},"60":{"start":{"line":112,"column":16},"end":{"line":112,"column":47}},"61":{"start":{"line":103,"column":0},"end":{"line":103,"column":16}}},"fnMap":{"0":{"name":"castAttributeValue","decl":{"start":{"line":11,"column":9},"end":{"line":11,"column":27}},"loc":{"start":{"line":11,"column":37},"end":{"line":37,"column":1}}},"1":{"name":"parseResponseHTML","decl":{"start":{"line":40,"column":9},"end":{"line":40,"column":26}},"loc":{"start":{"line":40,"column":39},"end":{"line":100,"column":1}}},"2":{"name":"(anonymous_3)","decl":{"start":{"line":72,"column":37},"end":{"line":72,"column":38}},"loc":{"start":{"line":72,"column":44},"end":{"line":76,"column":5}}},"3":{"name":"(anonymous_4)","decl":{"start":{"line":77,"column":44},"end":{"line":77,"column":45}},"loc":{"start":{"line":77,"column":51},"end":{"line":83,"column":5}}},"4":{"name":"scrapeHTML","decl":{"start":{"line":103,"column":16},"end":{"line":103,"column":26}},"loc":{"start":{"line":103,"column":38},"end":{"line":114,"column":1}}},"5":{"name":"(anonymous_6)","decl":{"start":{"line":105,"column":18},"end":{"line":105,"column":21}},"loc":{"start":{"line":105,"column":21},"end":{"line":110,"column":13}}},"6":{"name":"(anonymous_7)","decl":{"start":{"line":111,"column":18},"end":{"line":111,"column":22}},"loc":{"start":{"line":111,"column":22},"end":{"line":113,"column":13}}}},"branchMap":{"0":{"loc":{"start":{"line":13,"column":4},"end":{"line":15,"column":null}},"type":"if","locations":[{"start":{"line":13,"column":4},"end":{"line":15,"column":null}},{"start":{"line":13,"column":4},"end":{"line":15,"column":null}}]},"1":{"loc":{"start":{"line":18,"column":28},"end":{"line":18,"column":64}},"type":"binary-expr","locations":[{"start":{"line":18,"column":28},"end":{"line":18,"column":64}},{"start":{"line":18,"column":68},"end":{"line":18,"column":70}}]},"2":{"loc":{"start":{"line":18,"column":57},"end":{"line":18,"column":59}},"type":"cond-expr","locations":[{"start":{"line":18,"column":57},"end":{"line":18,"column":59}},{"start":{"line":18,"column":57},"end":{"line":18,"column":64}}]},"3":{"loc":{"start":{"line":18,"column":28},"end":{"line":18,"column":59}},"type":"binary-expr","locations":[{"start":{"line":18,"column":28},"end":{"line":18,"column":59}},{"start":{"line":18,"column":57},"end":{"line":18,"column":59}}]},"4":{"loc":{"start":{"line":18,"column":53},"end":{"line":18,"column":55}},"type":"cond-expr","locations":[{"start":{"line":18,"column":53},"end":{"line":18,"column":55}},{"start":{"line":18,"column":53},"end":{"line":18,"column":57}}]},"5":{"loc":{"start":{"line":18,"column":28},"end":{"line":18,"column":55}},"type":"binary-expr","locations":[{"start":{"line":18,"column":28},"end":{"line":18,"column":55}},{"start":{"line":18,"column":53},"end":{"line":18,"column":55}}]},"6":{"loc":{"start":{"line":21,"column":4},"end":{"line":36,"column":null}},"type":"if","locations":[{"start":{"line":21,"column":4},"end":{"line":36,"column":null}},{"start":{"line":21,"column":4},"end":{"line":36,"column":null}}]},"7":{"loc":{"start":{"line":23,"column":11},"end":{"line":36,"column":null}},"type":"if","locations":[{"start":{"line":23,"column":11},"end":{"line":36,"column":null}},{"start":{"line":23,"column":11},"end":{"line":36,"column":null}}]},"8":{"loc":{"start":{"line":25,"column":11},"end":{"line":36,"column":null}},"type":"if","locations":[{"start":{"line":25,"column":11},"end":{"line":36,"column":null}},{"start":{"line":25,"column":11},"end":{"line":36,"column":null}}]},"9":{"loc":{"start":{"line":28,"column":8},"end":{"line":30,"column":null}},"type":"if","locations":[{"start":{"line":28,"column":8},"end":{"line":30,"column":null}},{"start":{"line":28,"column":8},"end":{"line":30,"column":null}}]},"10":{"loc":{"start":{"line":32,"column":11},"end":{"line":36,"column":null}},"type":"if","locations":[{"start":{"line":32,"column":11},"end":{"line":36,"column":null}},{"start":{"line":32,"column":11},"end":{"line":36,"column":null}}]},"11":{"loc":{"start":{"line":32,"column":15},"end":{"line":32,"column":40}},"type":"binary-expr","locations":[{"start":{"line":32,"column":15},"end":{"line":32,"column":40}},{"start":{"line":32,"column":44},"end":{"line":32,"column":62}}]},"12":{"loc":{"start":{"line":49,"column":4},"end":{"line":53,"column":null}},"type":"if","locations":[{"start":{"line":49,"column":4},"end":{"line":53,"column":null}},{"start":{"line":49,"column":4},"end":{"line":53,"column":null}}]},"13":{"loc":{"start":{"line":49,"column":8},"end":{"line":49,"column":25}},"type":"binary-expr","locations":[{"start":{"line":49,"column":8},"end":{"line":49,"column":25}},{"start":{"line":49,"column":29},"end":{"line":49,"column":80}},{"start":{"line":50,"column":8},"end":{"line":50,"column":40}},{"start":{"line":50,"column":44},"end":{"line":50,"column":83}},{"start":{"line":51,"column":8},"end":{"line":51,"column":44}}]},"14":{"loc":{"start":{"line":62,"column":4},"end":{"line":64,"column":null}},"type":"if","locations":[{"start":{"line":62,"column":4},"end":{"line":64,"column":null}},{"start":{"line":62,"column":4},"end":{"line":64,"column":null}}]},"15":{"loc":{"start":{"line":62,"column":8},"end":{"line":62,"column":26}},"type":"binary-expr","locations":[{"start":{"line":62,"column":8},"end":{"line":62,"column":26}},{"start":{"line":62,"column":30},"end":{"line":62,"column":51}},{"start":{"line":62,"column":55},"end":{"line":62,"column":77}}]},"16":{"loc":{"start":{"line":68,"column":42},"end":{"line":68,"column":64}},"type":"binary-expr","locations":[{"start":{"line":68,"column":42},"end":{"line":68,"column":64}},{"start":{"line":68,"column":68},"end":{"line":68,"column":70}}]},"17":{"loc":{"start":{"line":70,"column":34},"end":{"line":70,"column":63}},"type":"binary-expr","locations":[{"start":{"line":70,"column":34},"end":{"line":70,"column":63}},{"start":{"line":70,"column":67},"end":{"line":70,"column":69}}]},"18":{"loc":{"start":{"line":72,"column":5},"end":{"line":72,"column":21}},"type":"binary-expr","locations":[{"start":{"line":72,"column":5},"end":{"line":72,"column":21}},{"start":{"line":72,"column":25},"end":{"line":72,"column":27}}]},"19":{"loc":{"start":{"line":73,"column":8},"end":{"line":75,"column":null}},"type":"if","locations":[{"start":{"line":73,"column":8},"end":{"line":75,"column":null}},{"start":{"line":73,"column":8},"end":{"line":75,"column":null}}]},"20":{"loc":{"start":{"line":73,"column":12},"end":{"line":73,"column":30}},"type":"binary-expr","locations":[{"start":{"line":73,"column":12},"end":{"line":73,"column":30}},{"start":{"line":73,"column":34},"end":{"line":73,"column":40}},{"start":{"line":73,"column":44},"end":{"line":73,"column":70}}]},"21":{"loc":{"start":{"line":77,"column":5},"end":{"line":77,"column":28}},"type":"binary-expr","locations":[{"start":{"line":77,"column":5},"end":{"line":77,"column":28}},{"start":{"line":77,"column":32},"end":{"line":77,"column":34}}]},"22":{"loc":{"start":{"line":80,"column":8},"end":{"line":82,"column":null}},"type":"if","locations":[{"start":{"line":80,"column":8},"end":{"line":82,"column":null}},{"start":{"line":80,"column":8},"end":{"line":82,"column":null}}]},"23":{"loc":{"start":{"line":80,"column":12},"end":{"line":80,"column":36}},"type":"binary-expr","locations":[{"start":{"line":80,"column":12},"end":{"line":80,"column":36}},{"start":{"line":80,"column":40},"end":{"line":80,"column":59}}]},"24":{"loc":{"start":{"line":87,"column":4},"end":{"line":89,"column":null}},"type":"if","locations":[{"start":{"line":87,"column":4},"end":{"line":89,"column":null}},{"start":{"line":87,"column":4},"end":{"line":89,"column":null}}]},"25":{"loc":{"start":{"line":87,"column":8},"end":{"line":87,"column":24}},"type":"binary-expr","locations":[{"start":{"line":87,"column":8},"end":{"line":87,"column":24}},{"start":{"line":87,"column":28},"end":{"line":87,"column":71}}]},"26":{"loc":{"start":{"line":90,"column":4},"end":{"line":92,"column":null}},"type":"if","locations":[{"start":{"line":90,"column":4},"end":{"line":92,"column":null}},{"start":{"line":90,"column":4},"end":{"line":92,"column":null}}]},"27":{"loc":{"start":{"line":93,"column":4},"end":{"line":95,"column":null}},"type":"if","locations":[{"start":{"line":93,"column":4},"end":{"line":95,"column":null}},{"start":{"line":93,"column":4},"end":{"line":95,"column":null}}]},"28":{"loc":{"start":{"line":96,"column":4},"end":{"line":98,"column":null}},"type":"if","locations":[{"start":{"line":96,"column":4},"end":{"line":98,"column":null}},{"start":{"line":96,"column":4},"end":{"line":98,"column":null}}]},"29":{"loc":{"start":{"line":106,"column":16},"end":{"line":108,"column":null}},"type":"if","locations":[{"start":{"line":106,"column":16},"end":{"line":108,"column":null}},{"start":{"line":106,"column":16},"end":{"line":108,"column":null}}]}},"s":{"0":1,"1":1,"2":1,"3":1,"4":1,"5":0,"6":0,"7":0,"8":0,"9":0,"10":0,"11":0,"12":0,"13":0,"14":0,"15":0,"16":0,"17":0,"18":0,"19":0,"20":0,"21":0,"22":0,"23":0,"24":0,"25":0,"26":0,"27":0,"28":0,"29":0,"30":0,"31":0,"32":0,"33":0,"34":0,"35":0,"36":0,"37":0,"38":0,"39":0,"40":0,"41":0,"42":0,"43":0,"44":0,"45":0,"46":0,"47":0,"48":0,"49":0,"50":0,"51":0,"52":0,"53":0,"54":0,"55":0,"56":0,"57":0,"58":0,"59":0,"60":0,"61":1},"f":{"0":0,"1":0,"2":0,"3":0,"4":0,"5":0,"6":0},"b":{"0":[0,0],"1":[0,0],"2":[0,0],"3":[0,0],"4":[0,0],"5":[0,0],"6":[0,0],"7":[0,0],"8":[0,0],"9":[0,0],"10":[0,0],"11":[0,0],"12":[0,0],"13":[0,0,0,0,0],"14":[0,0],"15":[0,0,0],"16":[0,0],"17":[0,0],"18":[0,0],"19":[0,0],"20":[0,0,0],"21":[0,0],"22":[0,0],"23":[0,0],"24":[0,0],"25":[0,0],"26":[0,0],"27":[0,0],"28":[0,0],"29":[0,0]}}
,"D:\\notschool\\_project\\code\\kijiji-scraper\\lib\\backends\\html-searcher.ts": {"path":"D:\\notschool\\_project\\code\\kijiji-scraper\\lib\\backends\\html-searcher.ts","statementMap":{"0":{"start":{"line":5,"column":0},"end":{"line":5,"column":30}},"1":{"start":{"line":6,"column":0},"end":{"line":6,"column":29}},"2":{"start":{"line":7,"column":0},"end":{"line":7,"column":62}},"3":{"start":{"line":9,"column":0},"end":{"line":9,"column":27}},"4":{"start":{"line":10,"column":0},"end":{"line":10,"column":81}},"5":{"start":{"line":14,"column":24},"end":{"line":14,"column":47}},"6":{"start":{"line":15,"column":26},"end":{"line":15,"column":60}},"7":{"start":{"line":16,"column":18},"end":{"line":16,"column":35}},"8":{"start":{"line":17,"column":23},"end":{"line":17,"column":36}},"9":{"start":{"line":22,"column":4},"end":{"line":52,"column":null}},"10":{"start":{"line":23,"column":8},"end":{"line":23,"column":66}},"11":{"start":{"line":25,"column":22},"end":{"line":25,"column":43}},"12":{"start":{"line":26,"column":18},"end":{"line":26,"column":28}},"13":{"start":{"line":28,"column":8},"end":{"line":51,"column":null}},"14":{"start":{"line":30,"column":12},"end":{"line":30,"column":35}},"15":{"start":{"line":31,"column":12},"end":{"line":31,"column":42}},"16":{"start":{"line":32,"column":12},"end":{"line":32,"column":47}},"17":{"start":{"line":33,"column":12},"end":{"line":33,"column":46}},"18":{"start":{"line":34,"column":12},"end":{"line":34,"column":21}},"19":{"start":{"line":35,"column":15},"end":{"line":51,"column":null}},"20":{"start":{"line":37,"column":24},"end":{"line":37,"column":42}},"21":{"start":{"line":38,"column":29},"end":{"line":38,"column":37}},"22":{"start":{"line":40,"column":12},"end":{"line":45,"column":null}},"23":{"start":{"line":41,"column":16},"end":{"line":41,"column":51}},"24":{"start":{"line":42,"column":16},"end":{"line":42,"column":35}},"25":{"start":{"line":43,"column":19},"end":{"line":45,"column":null}},"26":{"start":{"line":44,"column":16},"end":{"line":44,"column":56}},"27":{"start":{"line":46,"column":12},"end":{"line":46,"column":21}},"28":{"start":{"line":47,"column":15},"end":{"line":51,"column":null}},"29":{"start":{"line":48,"column":12},"end":{"line":48,"column":39}},"30":{"start":{"line":49,"column":12},"end":{"line":49,"column":35}},"31":{"start":{"line":50,"column":12},"end":{"line":50,"column":21}},"32":{"start":{"line":53,"column":4},"end":{"line":53,"column":25}},"33":{"start":{"line":58,"column":28},"end":{"line":58,"column":30}},"34":{"start":{"line":59,"column":14},"end":{"line":59,"column":32}},"35":{"start":{"line":62,"column":26},"end":{"line":62,"column":42}},"36":{"start":{"line":63,"column":31},"end":{"line":63,"column":64}},"37":{"start":{"line":65,"column":4},"end":{"line":106,"column":7}},"38":{"start":{"line":66,"column":21},"end":{"line":66,"column":57}},"39":{"start":{"line":67,"column":20},"end":{"line":67,"column":42}},"40":{"start":{"line":68,"column":38},"end":{"line":99,"column":10}},"41":{"start":{"line":101,"column":8},"end":{"line":103,"column":null}},"42":{"start":{"line":102,"column":12},"end":{"line":102,"column":76}},"43":{"start":{"line":105,"column":8},"end":{"line":105,"column":42}},"44":{"start":{"line":107,"column":4},"end":{"line":107,"column":21}},"45":{"start":{"line":113,"column":0},"end":{"line":113,"column":13}},"46":{"start":{"line":114,"column":12},"end":{"line":114,"column":63}},"47":{"start":{"line":117,"column":18},"end":{"line":135,"column":null}},"48":{"start":{"line":118,"column":12},"end":{"line":118,"column":16}},"49":{"start":{"line":119,"column":39},"end":{"line":122,"column":null}},"50":{"start":{"line":119,"column":18},"end":{"line":122,"column":null}},"51":{"start":{"line":126,"column":12},"end":{"line":130,"column":null}},"52":{"start":{"line":127,"column":16},"end":{"line":127,"column":40}},"53":{"start":{"line":128,"column":19},"end":{"line":130,"column":null}},"54":{"start":{"line":129,"column":16},"end":{"line":129,"column":101}},"55":{"start":{"line":131,"column":12},"end":{"line":131,"column":46}},"56":{"start":{"line":134,"column":8},"end":{"line":134,"column":39}},"57":{"start":{"line":138,"column":10},"end":{"line":159,"column":null}},"58":{"start":{"line":142,"column":35},"end":{"line":142,"column":null}},"59":{"start":{"line":142,"column":14},"end":{"line":142,"column":null}},"60":{"start":{"line":145,"column":14},"end":{"line":145,"column":87}},"61":{"start":{"line":148,"column":8},"end":{"line":158,"column":16}},"62":{"start":{"line":150,"column":16},"end":{"line":152,"column":null}},"63":{"start":{"line":151,"column":20},"end":{"line":151,"column":44}},"64":{"start":{"line":153,"column":16},"end":{"line":153,"column":34}},"65":{"start":{"line":155,"column":26},"end":{"line":158,"column":15}},"66":{"start":{"line":160,"column":0},"end":{"line":160,"column":null}},"67":{"start":{"line":113,"column":13},"end":{"line":113,"column":25}}},"fnMap":{"0":{"name":"dateFromRelativeDateString","decl":{"start":{"line":21,"column":12},"end":{"line":21,"column":38}},"loc":{"start":{"line":21,"column":57},"end":{"line":54,"column":1}}},"1":{"name":"parseResultsHTML","decl":{"start":{"line":57,"column":9},"end":{"line":57,"column":25}},"loc":{"start":{"line":57,"column":38},"end":{"line":108,"column":1}}},"2":{"name":"(anonymous_16)","decl":{"start":{"line":65,"column":28},"end":{"line":65,"column":29}},"loc":{"start":{"line":65,"column":37},"end":{"line":106,"column":5}}},"3":{"name":"(anonymous_17)","decl":{"start":{"line":113,"column":0},"end":{"line":113,"column":13}},"loc":{"start":{"line":113,"column":0},"end":{"line":160,"column":null}}},"4":{"name":"(anonymous_19)","decl":{"start":{"line":117,"column":4},"end":{"line":117,"column":18}},"loc":{"start":{"line":117,"column":72},"end":{"line":135,"column":null}}},"5":{"name":"(anonymous_22)","decl":{"start":{"line":138,"column":4},"end":{"line":138,"column":10}},"loc":{"start":{"line":138,"column":74},"end":{"line":159,"column":null}}},"6":{"name":"(anonymous_25)","decl":{"start":{"line":149,"column":18},"end":{"line":149,"column":21}},"loc":{"start":{"line":149,"column":21},"end":{"line":154,"column":13}}},"7":{"name":"(anonymous_26)","decl":{"start":{"line":155,"column":18},"end":{"line":155,"column":22}},"loc":{"start":{"line":155,"column":22},"end":{"line":155,"column":27}}}},"branchMap":{"0":{"loc":{"start":{"line":22,"column":4},"end":{"line":52,"column":null}},"type":"if","locations":[{"start":{"line":22,"column":4},"end":{"line":52,"column":null}},{"start":{"line":22,"column":4},"end":{"line":52,"column":null}}]},"1":{"loc":{"start":{"line":28,"column":8},"end":{"line":51,"column":null}},"type":"if","locations":[{"start":{"line":28,"column":8},"end":{"line":51,"column":null}},{"start":{"line":28,"column":8},"end":{"line":51,"column":null}}]},"2":{"loc":{"start":{"line":35,"column":15},"end":{"line":51,"column":null}},"type":"if","locations":[{"start":{"line":35,"column":15},"end":{"line":51,"column":null}},{"start":{"line":35,"column":15},"end":{"line":51,"column":null}}]},"3":{"loc":{"start":{"line":40,"column":12},"end":{"line":45,"column":null}},"type":"if","locations":[{"start":{"line":40,"column":12},"end":{"line":45,"column":null}},{"start":{"line":40,"column":12},"end":{"line":45,"column":null}}]},"4":{"loc":{"start":{"line":43,"column":19},"end":{"line":45,"column":null}},"type":"if","locations":[{"start":{"line":43,"column":19},"end":{"line":45,"column":null}},{"start":{"line":43,"column":19},"end":{"line":45,"column":null}}]},"5":{"loc":{"start":{"line":47,"column":15},"end":{"line":51,"column":null}},"type":"if","locations":[{"start":{"line":47,"column":15},"end":{"line":51,"column":null}},{"start":{"line":47,"column":15},"end":{"line":51,"column":null}}]},"6":{"loc":{"start":{"line":69,"column":16},"end":{"line":69,"column":54}},"type":"binary-expr","locations":[{"start":{"line":69,"column":16},"end":{"line":69,"column":54}},{"start":{"line":69,"column":58},"end":{"line":69,"column":60}}]},"7":{"loc":{"start":{"line":69,"column":42},"end":{"line":69,"column":44}},"type":"cond-expr","locations":[{"start":{"line":69,"column":42},"end":{"line":69,"column":44}},{"start":{"line":69,"column":42},"end":{"line":69,"column":54}}]},"8":{"loc":{"start":{"line":69,"column":16},"end":{"line":69,"column":44}},"type":"binary-expr","locations":[{"start":{"line":69,"column":16},"end":{"line":69,"column":44}},{"start":{"line":69,"column":42},"end":{"line":69,"column":44}}]},"9":{"loc":{"start":{"line":78,"column":16},"end":{"line":78,"column":54}},"type":"binary-expr","locations":[{"start":{"line":78,"column":16},"end":{"line":78,"column":54}},{"start":{"line":78,"column":58},"end":{"line":78,"column":96}},{"start":{"line":78,"column":100},"end":{"line":78,"column":102}}]},"10":{"loc":{"start":{"line":94,"column":17},"end":{"line":94,"column":52}},"type":"binary-expr","locations":[{"start":{"line":94,"column":17},"end":{"line":94,"column":52}},{"start":{"line":94,"column":56},"end":{"line":94,"column":86}}]},"11":{"loc":{"start":{"line":98,"column":26},"end":{"line":98,"column":65}},"type":"binary-expr","locations":[{"start":{"line":98,"column":26},"end":{"line":98,"column":65}},{"start":{"line":98,"column":69},"end":{"line":98,"column":104}}]},"12":{"loc":{"start":{"line":101,"column":8},"end":{"line":103,"column":null}},"type":"if","locations":[{"start":{"line":101,"column":8},"end":{"line":103,"column":null}},{"start":{"line":101,"column":8},"end":{"line":103,"column":null}}]},"13":{"loc":{"start":{"line":134,"column":8},"end":{"line":134,"column":39}},"type":"switch","locations":[{"start":{"line":134,"column":8},"end":{"line":134,"column":39}}]},"14":{"loc":{"start":{"line":118,"column":12},"end":{"line":118,"column":16}},"type":"if","locations":[{"start":{"line":118,"column":12},"end":{"line":118,"column":16}},{"start":{"line":118,"column":12},"end":{"line":118,"column":16}}]},"15":{"loc":{"start":{"line":126,"column":12},"end":{"line":130,"column":null}},"type":"if","locations":[{"start":{"line":126,"column":12},"end":{"line":130,"column":null}},{"start":{"line":126,"column":12},"end":{"line":130,"column":null}}]},"16":{"loc":{"start":{"line":128,"column":19},"end":{"line":130,"column":null}},"type":"if","locations":[{"start":{"line":128,"column":19},"end":{"line":130,"column":null}},{"start":{"line":128,"column":19},"end":{"line":130,"column":null}}]},"17":{"loc":{"start":{"line":128,"column":23},"end":{"line":128,"column":41}},"type":"binary-expr","locations":[{"start":{"line":128,"column":23},"end":{"line":128,"column":41}},{"start":{"line":128,"column":45},"end":{"line":128,"column":53}}]},"18":{"loc":{"start":{"line":142,"column":35},"end":{"line":142,"column":null}},"type":"switch","locations":[{"start":{"line":142,"column":35},"end":{"line":142,"column":null}}]},"19":{"loc":{"start":{"line":150,"column":16},"end":{"line":152,"column":null}},"type":"if","locations":[{"start":{"line":150,"column":16},"end":{"line":152,"column":null}},{"start":{"line":150,"column":16},"end":{"line":152,"column":null}}]}},"s":{"0":0,"1":0,"2":0,"3":0,"4":0,"5":0,"6":0,"7":0,"8":0,"9":0,"10":0,"11":0,"12":0,"13":0,"14":0,"15":0,"16":0,"17":0,"18":0,"19":0,"20":0,"21":0,"22":0,"23":0,"24":0,"25":0,"26":0,"27":0,"28":0,"29":0,"30":0,"31":0,"32":0,"33":0,"34":0,"35":0,"36":0,"37":0,"38":0,"39":0,"40":0,"41":0,"42":0,"43":0,"44":0,"45":0,"46":0,"47":0,"48":0,"49":0,"50":0,"51":0,"52":0,"53":0,"54":0,"55":0,"56":0,"57":0,"58":0,"59":0,"60":0,"61":0,"62":0,"63":0,"64":0,"65":0,"66":0,"67":0},"f":{"0":0,"1":0,"2":0,"3":0,"4":0,"5":0,"6":0,"7":0},"b":{"0":[0,0],"1":[0,0],"2":[0,0],"3":[0,0],"4":[0,0],"5":[0,0],"6":[0,0],"7":[0,0],"8":[0,0],"9":[0,0,0],"10":[0,0],"11":[0,0],"12":[0,0],"13":[0],"14":[0,0],"15":[0,0],"16":[0,0],"17":[0,0],"18":[0],"19":[0,0]}}
}
