TN:
SF:lib\ad.ts
FN:8,DateToString
FN:21,(anonymous_10)
FN:37,Ad
FN:42,(anonymous_12)
FN:53,(anonymous_13)
FN:54,(anonymous_14)
FN:60,(anonymous_15)
FN:65,(anonymous_16)
FN:79,(anonymous_17)
FN:80,(anonymous_18)
FN:86,(anonymous_19)
FN:87,(anonymous_20)
FN:125,(anonymous_21)
FNF:13
FNH:13
FNDA:1,DateToString
FNDA:1,(anonymous_10)
FNDA:33,Ad
FNDA:37,(anonymous_12)
FNDA:8,(anonymous_13)
FNDA:4,(anonymous_14)
FNDA:2,(anonymous_15)
FNDA:30,(anonymous_16)
FNDA:8,(anonymous_17)
FNDA:4,(anonymous_18)
FNDA:2,(anonymous_19)
FNDA:2,(anonymous_20)
FNDA:6,(anonymous_21)
DA:4,1
DA:9,1
DA:10,1
DA:11,1
DA:12,1
DA:13,1
DA:14,1
DA:21,1
DA:37,61
DA:38,33
DA:39,33
DA:42,33
DA:43,80
DA:45,80
DA:46,77
DA:50,33
DA:51,33
DA:53,33
DA:54,8
DA:55,4
DA:56,4
DA:59,8
DA:60,4
DA:62,8
DA:65,33
DA:79,1
DA:80,8
DA:81,4
DA:84,8
DA:85,4
DA:86,2
DA:87,2
DA:90,8
DA:125,1
DA:127,6
DA:128,6
DA:129,1
DA:131,6
DA:132,1
DA:134,6
DA:136,6
DA:137,4
DA:138,4
DA:139,1
DA:140,4
DA:142,6
DA:144,1
LF:47
LH:47
BRDA:37,0,0,12
BRDA:37,0,1,21
BRDA:37,1,0,28
BRDA:37,1,1,5
BRDA:38,2,0,33
BRDA:38,2,1,33
BRDA:45,3,0,77
BRDA:45,3,1,3
BRDA:59,4,0,4
BRDA:59,4,1,4
BRDA:84,5,0,4
BRDA:84,5,1,4
BRDA:128,6,0,1
BRDA:128,6,1,5
BRDA:128,7,0,6
BRDA:128,7,1,6
BRDA:131,8,0,1
BRDA:131,8,1,5
BRDA:138,9,0,1
BRDA:138,9,1,3
BRDA:138,10,0,4
BRDA:138,10,1,2
BRF:22
BRH:22
end_of_record
TN:
SF:lib\constants.ts
FNF:0
FNH:0
DA:1,1
DA:4,1
DA:10,1
DA:21,1
DA:25,1
LF:5
LH:5
BRF:0
BRH:0
end_of_record
TN:
SF:lib\helpers.ts
FN:11,(anonymous_3)
FN:33,sleep
FN:34,(anonymous_5)
FN:39,isNumber
FN:44,getLargeImageURL
FN:51,cleanAdDescription
FN:58,getScraperOptions
FN:68,(anonymous_10)
FNF:8
FNH:1
FNDA:1,(anonymous_3)
FNDA:0,sleep
FNDA:0,(anonymous_5)
FNDA:0,isNumber
FNDA:0,getLargeImageURL
FNDA:0,cleanAdDescription
FNDA:0,getScraperOptions
FNDA:0,(anonymous_10)
DA:4,1
DA:6,1
DA:11,1
DA:15,1
DA:20,1
DA:33,1
DA:34,0
DA:35,0
DA:39,1
DA:40,0
DA:41,0
DA:44,1
DA:48,0
DA:51,1
DA:53,0
DA:54,0
DA:55,0
DA:58,1
DA:60,0
DA:63,0
DA:64,0
DA:67,0
DA:68,0
DA:69,0
DA:75,0
LF:25
LH:10
BRDA:11,0,0,1
BRDA:11,0,1,1
BRDA:41,1,0,0
BRDA:41,1,1,0
BRDA:41,1,2,0
BRDA:63,2,0,0
BRDA:63,2,1,0
BRDA:68,3,0,0
BRDA:68,3,1,0
BRF:9
BRH:2
end_of_record
TN:
SF:lib\scraper.ts
FN:12,(anonymous_13)
FN:56,scrape
FNF:2
FNH:1
FNDA:43,(anonymous_13)
FNDA:0,scrape
DA:4,1
DA:5,1
DA:6,1
DA:7,1
DA:12,1
DA:16,42
DA:21,42
DA:26,42
DA:31,42
DA:36,42
DA:41,42
DA:46,42
DA:51,42
DA:52,1
DA:56,1
DA:57,0
DA:58,0
DA:61,0
DA:62,0
DA:64,0
DA:65,0
DA:66,0
DA:70,0
DA:71,0
LF:24
LH:15
BRDA:56,0,0,0
BRDA:56,0,1,0
BRDA:57,1,0,0
BRDA:57,1,1,0
BRDA:62,2,0,0
BRDA:62,2,1,0
BRDA:65,3,0,0
BRDA:65,3,1,0
BRF:8
BRH:0
end_of_record
TN:
SF:lib\search.ts
FN:132,getSearchResults
FN:157,ensureIntProp
FN:164,getSearchParams
FN:165,(anonymous_24)
FN:202,getSearchOptions
FN:249,search
FN:250,(anonymous_27)
FN:261,(anonymous_28)
FN:261,(anonymous_29)
FN:274,(anonymous_31)
FN:287,(anonymous_32)
FN:288,(anonymous_33)
FNF:12
FNH:0
FNDA:0,getSearchResults
FNDA:0,ensureIntProp
FNDA:0,getSearchParams
FNDA:0,(anonymous_24)
FNDA:0,getSearchOptions
FNDA:0,search
FNDA:0,(anonymous_27)
FNDA:0,(anonymous_28)
FNDA:0,(anonymous_29)
FNDA:0,(anonymous_31)
FNDA:0,(anonymous_32)
FNDA:0,(anonymous_33)
DA:5,0
DA:6,0
DA:7,0
DA:133,0
DA:134,0
DA:137,0
DA:138,0
DA:139,0
DA:140,0
DA:142,0
DA:146,0
DA:147,0
DA:151,0
DA:153,0
DA:158,0
DA:159,0
DA:165,0
DA:167,0
DA:168,0
DA:169,0
DA:171,0
DA:175,0
DA:178,0
DA:179,0
DA:181,0
DA:182,0
DA:187,0
DA:190,0
DA:193,0
DA:194,0
DA:196,0
DA:197,0
DA:198,0
DA:204,0
DA:207,0
DA:208,0
DA:210,0
DA:212,0
DA:213,0
DA:215,0
DA:216,0
DA:218,0
DA:220,0
DA:221,0
DA:223,0
DA:225,0
DA:226,0
DA:227,0
DA:229,0
DA:231,0
DA:232,0
DA:234,0
DA:236,0
DA:249,0
DA:250,0
DA:252,0
DA:253,0
DA:254,0
DA:256,0
DA:261,0
DA:262,0
DA:263,0
DA:265,0
DA:266,0
DA:267,0
DA:268,0
DA:269,0
DA:270,0
DA:274,0
DA:275,0
DA:276,0
DA:281,0
DA:285,0
DA:286,0
DA:287,0
DA:288,0
DA:291,0
LF:77
LH:0
BRDA:153,0,0,0
BRDA:138,1,0,0
BRDA:138,1,1,0
BRDA:142,2,0,0
BRDA:142,2,1,0
BRDA:142,2,2,0
BRDA:142,2,3,0
BRDA:146,3,0,0
BRDA:146,3,1,0
BRDA:158,4,0,0
BRDA:158,4,1,0
BRDA:158,5,0,0
BRDA:158,5,1,0
BRDA:168,6,0,0
BRDA:168,6,1,0
BRDA:168,7,0,0
BRDA:168,7,1,0
BRDA:178,8,0,0
BRDA:178,8,1,0
BRDA:181,9,0,0
BRDA:181,9,1,0
BRDA:207,10,0,0
BRDA:207,10,1,0
BRDA:212,11,0,0
BRDA:212,11,1,0
BRDA:215,12,0,0
BRDA:215,12,1,0
BRDA:220,13,0,0
BRDA:220,13,1,0
BRDA:225,14,0,0
BRDA:225,14,1,0
BRDA:226,15,0,0
BRDA:226,15,1,0
BRDA:231,16,0,0
BRDA:231,16,1,0
BRDA:249,17,0,0
BRDA:249,17,1,0
BRDA:257,18,0,0
BRDA:257,18,1,0
BRDA:274,19,0,0
BRDA:274,19,1,0
BRDA:262,20,0,0
BRDA:262,20,1,0
BRDA:265,21,0,0
BRDA:265,21,1,0
BRDA:266,22,0,0
BRDA:266,22,1,0
BRDA:268,23,0,0
BRDA:268,23,1,0
BRDA:275,24,0,0
BRDA:275,24,1,0
BRDA:285,25,0,0
BRDA:285,25,1,0
BRF:53
BRH:0
end_of_record
TN:
SF:lib\backends\api-scraper.ts
FN:14,castAttributeValue
FN:43,parseResponseXML
FN:58,scrapeAdElement
FN:76,(anonymous_4)
FN:86,(anonymous_5)
FN:122,scrapeAPI
FN:132,(anonymous_7)
FN:138,(anonymous_8)
FNF:8
FNH:0
FNDA:0,castAttributeValue
FNDA:0,parseResponseXML
FNDA:0,scrapeAdElement
FNDA:0,(anonymous_4)
FNDA:0,(anonymous_5)
FNDA:0,scrapeAPI
FNDA:0,(anonymous_7)
FNDA:0,(anonymous_8)
DA:4,1
DA:5,1
DA:7,1
DA:8,1
DA:9,1
DA:11,1
DA:12,1
DA:15,0
DA:16,0
DA:17,0
DA:20,0
DA:21,0
DA:22,0
DA:25,0
DA:26,0
DA:27,0
DA:28,0
DA:29,0
DA:32,0
DA:33,0
DA:35,0
DA:36,0
DA:37,0
DA:39,0
DA:44,0
DA:46,0
DA:47,0
DA:48,0
DA:51,0
DA:52,0
DA:53,0
DA:55,0
DA:58,1
DA:59,0
DA:61,0
DA:62,0
DA:63,0
DA:64,0
DA:67,0
DA:68,0
DA:71,0
DA:72,0
DA:73,0
DA:74,0
DA:76,0
DA:77,0
DA:78,0
DA:79,0
DA:80,0
DA:83,0
DA:86,0
DA:87,0
DA:88,0
DA:89,0
DA:90,0
DA:91,0
DA:97,0
DA:98,0
DA:99,0
DA:101,0
DA:104,0
DA:105,0
DA:106,0
DA:109,0
DA:110,0
DA:111,0
DA:114,0
DA:115,0
DA:116,0
DA:118,0
DA:122,1
DA:123,0
DA:124,0
DA:126,0
DA:127,0
DA:130,0
DA:131,0
DA:133,0
DA:134,0
DA:136,0
DA:139,0
LF:81
LH:9
BRDA:16,0,0,0
BRDA:16,0,1,0
BRDA:20,1,0,0
BRDA:20,1,1,0
BRDA:22,2,0,0
BRDA:22,2,1,0
BRDA:25,3,0,0
BRDA:25,3,1,0
BRDA:27,4,0,0
BRDA:27,4,1,0
BRDA:29,5,0,0
BRDA:29,5,1,0
BRDA:32,6,0,0
BRDA:32,6,1,0
BRDA:36,7,0,0
BRDA:36,7,1,0
BRDA:47,8,0,0
BRDA:47,8,1,0
BRDA:52,9,0,0
BRDA:52,9,1,0
BRDA:67,10,0,0
BRDA:67,10,1,0
BRDA:67,11,0,0
BRDA:67,11,1,0
BRDA:67,11,2,0
BRDA:73,12,0,0
BRDA:73,12,1,0
BRDA:79,13,0,0
BRDA:79,13,1,0
BRDA:83,14,0,0
BRDA:83,14,1,0
BRDA:90,15,0,0
BRDA:90,15,1,0
BRDA:90,16,0,0
BRDA:90,16,1,0
BRDA:98,17,0,0
BRDA:98,17,1,0
BRDA:105,18,0,0
BRDA:105,18,1,0
BRDA:110,19,0,0
BRDA:110,19,1,0
BRDA:115,20,0,0
BRDA:115,20,1,0
BRDA:126,21,0,0
BRDA:126,21,1,0
BRDA:133,22,0,0
BRDA:133,22,1,0
BRF:47
BRH:0
end_of_record
TN:
SF:lib\backends\api-searcher.ts
FN:16,parseResultsXML
FN:22,(anonymous_4)
FN:45,(anonymous_5)
FN:47,(anonymous_7)
FN:56,(anonymous_8)
FNF:5
FNH:0
FNDA:0,parseResultsXML
FNDA:0,(anonymous_4)
FNDA:0,(anonymous_5)
FNDA:0,(anonymous_7)
FNDA:0,(anonymous_8)
DA:5,0
DA:6,0
DA:7,0
DA:9,0
DA:10,0
DA:11,0
DA:14,0
DA:17,0
DA:18,0
DA:19,0
DA:22,0
DA:23,0
DA:24,0
DA:26,0
DA:29,0
DA:30,0
DA:31,0
DA:33,0
DA:36,0
DA:45,0
DA:47,0
DA:48,0
DA:55,0
DA:57,0
DA:58,0
DA:60,0
DA:64,0
LF:27
LH:0
BRDA:24,0,0,0
BRDA:24,0,1,0
BRDA:30,1,0,0
BRDA:30,1,1,0
BRDA:57,2,0,0
BRDA:57,2,1,0
BRF:6
BRH:0
end_of_record
TN:
SF:lib\backends\html-scraper.ts
FN:11,castAttributeValue
FN:40,parseResponseHTML
FN:72,(anonymous_3)
FN:77,(anonymous_4)
FN:103,scrapeHTML
FN:105,(anonymous_6)
FN:111,(anonymous_7)
FNF:7
FNH:0
FNDA:0,castAttributeValue
FNDA:0,parseResponseHTML
FNDA:0,(anonymous_3)
FNDA:0,(anonymous_4)
FNDA:0,scrapeHTML
FNDA:0,(anonymous_6)
FNDA:0,(anonymous_7)
DA:4,1
DA:5,1
DA:7,1
DA:8,1
DA:9,1
DA:12,0
DA:13,0
DA:14,0
DA:17,0
DA:18,0
DA:21,0
DA:22,0
DA:23,0
DA:24,0
DA:25,0
DA:28,0
DA:29,0
DA:31,0
DA:32,0
DA:33,0
DA:35,0
DA:41,0
DA:44,0
DA:45,0
DA:46,0
DA:47,0
DA:49,0
DA:52,0
DA:55,0
DA:57,0
DA:58,0
DA:59,0
DA:62,0
DA:63,0
DA:66,0
DA:67,0
DA:68,0
DA:69,0
DA:70,0
DA:72,0
DA:73,0
DA:74,0
DA:77,0
DA:78,0
DA:79,0
DA:80,0
DA:81,0
DA:87,0
DA:88,0
DA:90,0
DA:91,0
DA:93,0
DA:94,0
DA:96,0
DA:97,0
DA:99,0
DA:103,1
DA:104,0
DA:106,0
DA:107,0
DA:109,0
DA:112,0
LF:62
LH:6
BRDA:13,0,0,0
BRDA:13,0,1,0
BRDA:18,1,0,0
BRDA:18,1,1,0
BRDA:18,2,0,0
BRDA:18,2,1,0
BRDA:18,3,0,0
BRDA:18,3,1,0
BRDA:18,4,0,0
BRDA:18,4,1,0
BRDA:18,5,0,0
BRDA:18,5,1,0
BRDA:21,6,0,0
BRDA:21,6,1,0
BRDA:23,7,0,0
BRDA:23,7,1,0
BRDA:25,8,0,0
BRDA:25,8,1,0
BRDA:28,9,0,0
BRDA:28,9,1,0
BRDA:32,10,0,0
BRDA:32,10,1,0
BRDA:32,11,0,0
BRDA:32,11,1,0
BRDA:49,12,0,0
BRDA:49,12,1,0
BRDA:49,13,0,0
BRDA:49,13,1,0
BRDA:49,13,2,0
BRDA:49,13,3,0
BRDA:49,13,4,0
BRDA:62,14,0,0
BRDA:62,14,1,0
BRDA:62,15,0,0
BRDA:62,15,1,0
BRDA:62,15,2,0
BRDA:68,16,0,0
BRDA:68,16,1,0
BRDA:70,17,0,0
BRDA:70,17,1,0
BRDA:72,18,0,0
BRDA:72,18,1,0
BRDA:73,19,0,0
BRDA:73,19,1,0
BRDA:73,20,0,0
BRDA:73,20,1,0
BRDA:73,20,2,0
BRDA:77,21,0,0
BRDA:77,21,1,0
BRDA:80,22,0,0
BRDA:80,22,1,0
BRDA:80,23,0,0
BRDA:80,23,1,0
BRDA:87,24,0,0
BRDA:87,24,1,0
BRDA:87,25,0,0
BRDA:87,25,1,0
BRDA:90,26,0,0
BRDA:90,26,1,0
BRDA:93,27,0,0
BRDA:93,27,1,0
BRDA:96,28,0,0
BRDA:96,28,1,0
BRDA:106,29,0,0
BRDA:106,29,1,0
BRF:65
BRH:0
end_of_record
TN:
SF:lib\backends\html-searcher.ts
FN:21,dateFromRelativeDateString
FN:57,parseResultsHTML
FN:65,(anonymous_16)
FN:113,(anonymous_17)
FN:117,(anonymous_19)
FN:138,(anonymous_22)
FN:149,(anonymous_25)
FN:155,(anonymous_26)
FNF:8
FNH:0
FNDA:0,dateFromRelativeDateString
FNDA:0,parseResultsHTML
FNDA:0,(anonymous_16)
FNDA:0,(anonymous_17)
FNDA:0,(anonymous_19)
FNDA:0,(anonymous_22)
FNDA:0,(anonymous_25)
FNDA:0,(anonymous_26)
DA:5,0
DA:6,0
DA:7,0
DA:9,0
DA:10,0
DA:14,0
DA:15,0
DA:16,0
DA:17,0
DA:22,0
DA:23,0
DA:25,0
DA:26,0
DA:28,0
DA:30,0
DA:31,0
DA:32,0
DA:33,0
DA:34,0
DA:35,0
DA:37,0
DA:38,0
DA:40,0
DA:41,0
DA:42,0
DA:43,0
DA:44,0
DA:46,0
DA:47,0
DA:48,0
DA:49,0
DA:50,0
DA:53,0
DA:58,0
DA:59,0
DA:62,0
DA:63,0
DA:65,0
DA:66,0
DA:67,0
DA:68,0
DA:101,0
DA:102,0
DA:105,0
DA:107,0
DA:113,0
DA:114,0
DA:117,0
DA:118,0
DA:119,0
DA:126,0
DA:127,0
DA:128,0
DA:129,0
DA:131,0
DA:134,0
DA:138,0
DA:142,0
DA:145,0
DA:148,0
DA:150,0
DA:151,0
DA:153,0
DA:155,0
DA:160,0
LF:65
LH:0
BRDA:22,0,0,0
BRDA:22,0,1,0
BRDA:28,1,0,0
BRDA:28,1,1,0
BRDA:35,2,0,0
BRDA:35,2,1,0
BRDA:40,3,0,0
BRDA:40,3,1,0
BRDA:43,4,0,0
BRDA:43,4,1,0
BRDA:47,5,0,0
BRDA:47,5,1,0
BRDA:69,6,0,0
BRDA:69,6,1,0
BRDA:69,7,0,0
BRDA:69,7,1,0
BRDA:69,8,0,0
BRDA:69,8,1,0
BRDA:78,9,0,0
BRDA:78,9,1,0
BRDA:78,9,2,0
BRDA:94,10,0,0
BRDA:94,10,1,0
BRDA:98,11,0,0
BRDA:98,11,1,0
BRDA:101,12,0,0
BRDA:101,12,1,0
BRDA:134,13,0,0
BRDA:118,14,0,0
BRDA:118,14,1,0
BRDA:126,15,0,0
BRDA:126,15,1,0
BRDA:128,16,0,0
BRDA:128,16,1,0
BRDA:128,17,0,0
BRDA:128,17,1,0
BRDA:142,18,0,0
BRDA:150,19,0,0
BRDA:150,19,1,0
BRF:39
BRH:0
end_of_record
